[    .00000 Iitializing cgroup subsys cpuset
[  000000] Initializing cgroup subsys cpu
[    0.000000] Initializing cgroup subsys cuact
[    0000000] Linux version 4.4.0-190-generic (buildd@lcy01-amd64-026) (gcc version 5.4.0 20160609 (Ubuntu 5.4.0-ubntu1~16.04.12) ) #220-Ubuntu SMP Fri Aug 28 2:02:15 UTC 2020 (Ubuntu 4.4.0-190.220-generic 4.4.233)
[    0.000000] Command line: BOOT_IMAGE=/boot/vmlinuz-4.4.0-190-generic root=LABEL=cloudimg-rootfs ro console=tty1 console=ttyS0
[    0.000000] KERNEL supported cpus:
[    0.000000]   Intel GenuineIntel
[    0.000000]   AMD AuthenticAMD
[  0000000]   CnturCetaurHauls
[   .0000] x86/fpu: xstate_ffet]:  576, xsttesies2]:  256
[    0.000000] x86/fpu: Supporting XSAVE feature 0x01: 'x87 floating point registers'
[    0.000000] x86/fpu: Supporting XSAVE feature 0x02: 'SSE registers'
[    0.000000] x86/fpu: Supporting XSAVE feature 0x04: 'AVX registers'
[    0.000000] x86/fpu: Enabled xstate features 0x7, context size is 832 bytes, using 'standard' format.
[    0.000000] e820: BIOS-provided physical RAM map:
[    0.000000] BIOS-e820: [mem 0x0000000000000000-0x000000000009fbff] usable
[    0.000000] BIOS-e820: [mem 0x000000000009fc00-0x000000000009ffff] reserved
[    0.000000] BIOS-e820: [mem 0x00000000000f0000-0x00000000000fffff] reserved
[    0.000000] BIOS-e820: [mem 0x0000000000100000-0x00000000dffeffff] usable
[    0.000000] BIOS-e820: [mem 0x00000000dfff0000-0x00000000dfffffff] ACPI data
[    0.000000] BIOS-e820: [mem 0x00000000fec00000-0x00000000fec00fff] reserved
[    0.000000] BIOS-e820: [mem 0x00000000fee00000-0x00000000fee00fff] reserved
[    0.000000] BIOS-e820: [mem 0x00000000fffc0000-0x00000000ffffffff] reserved
[    0.000000] BIOS-e820: [mem 0x0000000100000000-0x000000021fffffff] usable
[    0.000000] NX (Execute Disable) protection: active
[    0.000000] SMBIOS 2.5 present.
[    0.000000] Hypervisor detected: KVM
[    0.000000] e820: last_pfn = 0x220000 max_arch_pfn = 0x400000
[    0.000000] MTRR: Disabled
[    0.000000] x86/PAT: MTRRs disabled, skipping PAT initialization too.
[    0.000000] CPU MTRRs all blank - virtualized system.
[    0.000000] x86/PAT: Configuration [0-7]: WB  WT  UC- UC  WB  WT  UC- UC  
[    0.000000] e820: last_pfn = 0xdfff0 max_arch_pfn = 0x400000000
[    0.000000] found SMP MP-table at [mem 0x0009fff0-0x0009ffff] mapped at [ffff88000009fff0]
[    0.000000] Scanning 1 areas for low memory corruption
[    0.000000] RAMDISK: [mem 0x362de000-0x37166fff]
[    0.000000] ACPI: Early table checksum verification disabled
[    0.000000] ACPI: RSDP 0x00000000000E0000 000024 (v02 VBOX  )
[    0.000000] ACPI: XSDT 0x00000000DFFF0030 00003C (v01 VBOX   VBOXXSDT 00000001 ASL  00000061)
[    0.000000] ACPI: FACP 0x00000000DFFF00F0 0000F4 (v04 VBOX   VBOXFACP 00000001 ASL  00000061)
[    0.000000] ACPI: DSDT 0x00000000DFFF0480 0021FF (v02 VBOX   VBOXBIOS 00000002 INTL 20180105)
[    0.000000] ACPI: FACS 0x00000000DFFF0200 000040
[    0.000000] ACPI: FACS 0x00000000DFFF0200 000040
[    0.000000] ACPI: APIC 0x00000000DFFF0240 00006C (v02 VBOX   VBOXAPIC 00000001 ASL  00000061)
[    0.000000] ACPI: SSDT 0x00000000DFFF02B0 0001CC (v01 VBOX   VBOXCPUT 00000002 INTL 20180105)
[    0.000000] No NUMA configuration found
[    0.000000] Faking a node at [mem 0x0000000000000000-0x000000021fffffff]
[    0.000000] NODE_DATA(0) allocated [mem 0x21fff5000-0x21fff9fff]
[    0.000000] kvm-clock: Using msrs 4b564d01 and 4b564d00
[    0.000000] kvm-clock: cpu 0, msr 2:1ffed001, primary cpu clock
[    0.000000] kvm-clock: using sched offset of 3573103247 cycles
[    0.000000] clocksource: kvm-clock: mask: 0xffffffffffffffff max_cycles: 0x1cd42e4dffb, max_idle_ns: 881590591483 ns
[    0.000000] Zone ranges:
[    0.000000]   DMA      [mem 0x0000000000001000-0x0000000000ffffff]
[    0.000000]   DMA32    [mem 0x0000000001000000-0x00000000ffffffff]
[    0.000000]   Normal   [mem 0x0000000100000000-0x000000021fffffff]
[    0.000000]   Device   empty
[    0.000000] Movable zone start for each node
[    0.000000] Early memory node ranges
[    0.000000]   node   0: [mem 0x0000000000001000-0x000000000009efff]
[    0.000000]   node   0: [mem 0x0000000000100000-0x00000000dffeffff]
[    0.000000]   node   0: [mem 0x0000000100000000-0x000000021fffffff]
[    0.000000] Initmem setup node 0 [mem 0x0000000000001000-0x000000021fffffff]
[    0.000000] ACPI: PM-Timer IO Port: 0x4008
[    0.000000] IOAPIC[0]: apic_id 4, version 32, address 0xfec00000, GSI 0-23
[    0.000000] ACPI: INT_SRC_OVR (bus 0 bus_irq 0 global_irq 2 dfl dfl)
[    0.000000] ACPI: INT_SRC_OVR (bus 0 bus_irq 9 global_irq 9 low level)
[    0.000000] Using ACPI (MADT) for SMP configuration information
[    0.000000] smpboot: Allowing 4 CPUs, 0 hotplug CPUs
[    0.000000] PM: Registered nosave memory: [mem 0x00000000-0x00000fff]
[    0.000000] PM: Registered nosave memory: [mem 0x0009f000-0x0009ffff]
[    0.000000] PM: Registered nosave memory: [mem 0x000a0000-0x000effff]
[    0.000000] PM: Registered nosave memory: [mem 0x000f0000-0x000fffff]
[    0.000000] PM: Registered nosave memory: [mem 0xdfff0000-0xdfffffff]
[    0.000000] PM: Registered nosave memory: [mem 0xe0000000-0xfebfffff]
[    0.000000] PM: Registered nosave memory: [mem 0xfec00000-0xfec00fff]
[    0.000000] PM: Registered nosave memory: [mem 0xfec01000-0xfedfffff]
[    0.000000] PM: Registered nosave memory: [mem 0xfee00000-0xfee00fff]
[    0.000000] PM: Registered nosave memory: [mem 0xfee01000-0xfffbffff]
[    0.000000] PM: Registered nosave memory: [mem 0xfffc0000-0xffffffff]
[    0.000000] e820: [mem 0xe0000000-0xfebfffff] available for PCI devices
[    0.000000] Booting paravirtualized kernel on KVM
[    0.000000] clocksource: refined-jiffies: mask: 0xffffffff max_cycles: 0xffffffff, max_idle_ns: 7645519600211568 ns
[    0.000000] setup_percpu: NR_CPUS:512 nr_cpumak_it:512 nr_cpu_ids:4 nr_node_ids:1
[    0.000000] PERCPU: Embedded 33 pages/cpu @ffff88021fc00000 s95512 r8192 d31464 u524288
[    0.000000] Built 1 zonelists in Node order, mobility grouping on.  Total pages: 2064248
[    0.000000] Policy zone: Normal
[    0.000000] Kernel command line: BOOT_IMAGE=/boot/vmlinuz-4.4.0-190-generic root=LABEL=cloudimg-rootfs ro console=tty1 console=ttyS0
[    0.000000] PID hash table entries: 4096 (order: 3, 32768 bytes)
[    0.000000] Memory: 8156668K/8388152K available (8636K kernel code, 1337K rwdata, 4040K rodata, 1492K init, 1296K bss, 231484K reserved, 0K cma-reserved)
[    0.000000] SLUB: HWalign=64, Order=0-3, MinObjects=0, CPUs=4, Nodes=1
[    0.000000] Kernel/User page tables isolation: enabed
[    0.000000] Hierarchical CUmpementation
[    0.00000] 	Build-time adjustment of leaf fanout to 64.
[    0.000000] 	RCU restricting CPUs from NR_CPUS=512 to nr_cpu_ids=4.
[   0.000000 R: djusting geoety orrcu_fanout_leaf=64, nr_cpu_ids=4
[    0.000000] NR_IRQS:33024 nr_irqs:456 16
[    0.000000] Console: olr VGA+ 80x25
[    0.000000] console [tty1] enabled
[    0.000000] console [ttyS0] naed
[    0.000000] tsc: Detected 2294.684 MHz processor
[    1.380980] Calibrating delay loop (skipped) preset value.. 4589.36 BogoMIPS (lpj=9178736)
[    1.405198] pid_max: default: 32768 minimum: 301
[    1.409373] ACPI: Core revision 20150930
[    1.421834] ACPI: 2 ACPI AML tables successfully acquired and loaded
[    1.453138] Security Framework initialized
[    1.460769] Yama: becoming mindful.
[    1.469062] AppArmor: AppArmor initialized
[    1.501846] Dentry cache hash table entries: 1048576 (order: 11, 8388608 bytes)
[    1.549929] Inode-cache hash table entries: 524288 (order: 10, 4194304 bytes)
[    1.590525] Mount-cache hash table entries: 16384 (order: 5, 131072 bytes)
[    1.625161] Mountpoint-cache hash table entries: 16384 (order: 5, 131072 bytes)
[    1.634934] Initializing cgroup subsys io
[    1.661356] Initializing cgroup subsys memory
[    1.676479] Initializing cgroup subsys devices
[    1.685002] Initializing cgroup subsys freezer
[    1.708906] Initializing cgroup subsys net_cls
[    1.717251] Initializing cgroup subsys perf_event
[    1.721366] Initializing cgroup subsys net_prio
[    1.745125] Initializing cgroup subsys hugetlb
[    1.767857] Initializing cgroup subsys pids
[    1.789022] mce: CPU supports 0 MCE banks
[    1.801071] Last level iTLB entries: 4KB 64, 2MB 8, 4MB 8
[    1.812892] Last level dTLB entries: 4KB 64, 2MB 0, 4MB 0, 1GB 4
[    1.837054] Spectre V1 : Mitigation: usercopy/swapgs barriers and __user pointer sanitization
[    1.849259] Spectre V2 : Mitigation: Full generic retpoline
[    1.850505] Spectre V2 : Spectre v2 / SpectreRSB mitigation: Filling RSB on context switch
[    1.852369] Speculative Store Bypass: Vulnerable
[    1.853468] SRBDS: Unknown: Dependent on hypervisor status
[    1.854770] MDS: Mitigation: Clear CPU buffers
[    1.857930] Freeing SMP alternatives memory: 36K
[    1.863700] ftrace: allocating 32339 entries in 127 pages
[    1.919081] smpboot: APIC(0) Converting physical 0 to logical package 0
[    1.925906] smpboot: Max logical packages: 1
[    1.932519] x2apic enabled
[    1.933454] Switched APIC routing to physical x2apic.
[    1.935670] ..TIMER: vector=0x30 apic1=0 pin1=2 apic2=-1 pin2=-1
[    2.045093] smpboot: CPU0: Intel(R) Core(TM) i5-5300U CPU @ 2.30GHz (family: 0x6, model: 0x3d, stepping: 0x4)
[    2.047548] Performance Events: unsupported p6 CPU model 61 no PMU driver, software events only.
[    2.059426] KVM setup paravirtual spinlock
[    2.061275] x86: Booting SMP configuration:
[    2.062304] .... node  #0, CPUs:      #1
[    2.063472] kvm-clock: cpu 1, msr 2:1ffed041, secondary cpu clock
[    2.075520] mce: CPU supports 0 MCE banks
[    2.080107]  #2
[    2.080590] kvm-clock: cpu 2, msr 2:1ffed081, secondary cpu clock
[    2.089049] mce: CPU supports 0 MCE banks
[    2.091700]  #3
[    2.095973] kvm-clock: cpu 3, msr 2:1ffed0c1, secondary cpu clock
[    2.104445] mce: CPU supports 0 MCE banks
[    2.107167] x86: Booted up 1 node, 4 CPUs
[    2.111811] smpboot: Total of 4 processors activated (18357.47 BogoMIPS)
[    2.129120] devtmpfs: initialized
[    2.134086] evm: security.selinux
[    2.141885] evm: security.SMACK64
[    2.146927] evm: security.SMACK64EXEC
[    2.151442] evm: security.SMACK64TRANSMUTE
[    2.162246] evm: security.SMACK64MMAP
[    2.169923] evm: security.ima
[    2.176280] evm: security.capability
[    2.185863] clocksource: jiffies: mask: 0xffffffff max_cycles: 0xffffffff, max_idle_ns: 7645041785100000 ns
[    2.209795] futex hash table entries: 1024 (order: 4, 65536 bytes)
[    2.211382] pinctrl core: initialized pinctrl subsystem
[    2.212698] RTC time: 11:53:27, date: 10/22/20
[    2.214035] NET: Registered protocol family 16
[    2.225706] cpuidle: using governor ladder
[    2.238225] cpuidle: using governor menu
[    2.240472] PCCT header not found.
[    2.242564] ACPI: bus type PCI registered
[    2.244721] acpiphp: ACPI Hot Plug PCI Controller Driver version: 0.5
[    2.248348] PCI: Using configuration type 1 for base access
[    2.263269] ACPI: Added _OSI(Module Device)
[    2.265000] ACPI: Added _OSI(Processor Device)
[    2.266772] ACPI: Added _OSI(3.0 _SCP Extensions)
[    2.269605] ACPI: Added _OSI(Processor Aggregator Device)
[    2.272345] ACPI: Executed 1 blocks of module-level executable AML code
[    2.276619] ACPI: Interpreter enabled
[    2.280672] ACPI: (supports S0 S5)
[    2.281440] ACPI: Using IOAPIC for interrupt routing
[    2.293254] PCI: Using host bridge windows from ACPI; if necessary, use "pci=nocrs" and report a bug
[    2.308033] ACPI: PCI Root Bridge [PCI0] (domain 0000 [bus 00-ff])
[    2.326794] acpi PNP0A03:00: _OSC: OS supports [ASPM ClockPM Segments MSI]
[    2.329170] acpi PNP0A03:00: _OSC: not requesting OS control; OS requires [ExtendedConfig ASPM ClockPM MSI]
[    2.343153] acpi PNP0A03:00: fail to add MMCONFIG information, can't access extended PCI configuration space under this bridge.
[    2.357274] PCI host bridge to bus 0000:00
[    2.373256] pci_bus 0000:00: root bus resource [io  0x0000-0x0cf7 window]
[    2.374717] pci_bus 0000:00: root bus resource [io  0x0d00-0xffff window]
[    2.376169] pci_bus 0000:00: root bus resource [mem 0x000a0000-0x000bffff window]
[    2.380629] pci_bus 0000:00: root bus resource [mem 0xe0000000-0xfdffffff window]
[    2.393399] pci_bus 0000:00: root bus resource [bus 00-ff]
[    2.396208] pci 0000:00:01.1: legacy IDE quirk: reg 0x10: [io  0x01f0-0x01f7]
[    2.398983] pci 0000:00:01.1: legacy IDE quirk: reg 0x14: [io  0x03f6]
[    2.422926] pci 0000:00:01.1: legacy IDE quirk: reg 0x18: [io  0x0170-0x0177]
[    2.441076] pci 0000:00:01.1: legacy IDE quirk: reg 0x1c: [io  0x0376]
[    2.604439] pci 0000:00:07.0: quirk: [io  0x4000-0x403f] claimed by PIIX4 ACPI
[    2.607157] pci 0000:00:07.0: quirk: [io  0x4100-0x410f] claimed by PIIX4 SMB
[    2.735906] ACPI: PCI Interrupt Link [LNKA] (IRQs 5 9 10 *11)
[    2.753935] ACPI: PCI Interrupt Link [LNKB] (IRQs 5 9 *10 11)
[    2.759442] ACPI: PCI Interrupt Link [LNKC] (IRQs 5 *9 10 11)
[    2.761155] ACPI: PCI Interrupt Link [LNKD] (IRQs 5 9 10 *11)
[    2.762974] ACPI: Enabled 2 GPEs in block 00 to 07
[    2.764638] vgaarb: setting as boot device: PCI:0000:00:02.0
[    2.765953] vgaarb: device added: PCI:0000:00:02.0,decodes=io+mem,owns=io+mem,locks=none
[    2.767927] vgaarb: loaded
[    2.768682] vgaarb: bridge control possible 0000:00:02.0
[    2.770194] SCSI subsystem initialized
[    2.771332] ACPI: bus type USB registered
[    2.772332] usbcore: registered new interface driver usbfs
[    2.773602] usbcore: registered new interface driver hub
[    2.781152] usbcore: registered new device driver usb
[    2.851614] PCI: Using ACPI for IRQ routing
[    2.879498] NetLabel: Initializing
[    2.941013] NetLabel:  domain hash size = 128
[    2.975834] NetLabel:  protocols = UNLABELED CIPSOv4
[    3.017954] NetLabel:  unlabeled traffic allowed by default
[    3.028054] amd_nb: Cannot enumerate AMD northbridges
[    3.042350] clocksource: Switched to clocksource kvm-clock
[    3.051907] AppArmor: AppArmor Filesystem Enabled
[    3.053009] pnp: PnP ACPI init
[    3.054527] pnp: PnP ACPI: found 3 devices
[    3.066158] cocksource: acpi_pm: mask: 0xffff axcycles: 0xffffff, max_idle_ns: 208570124ns
[   .2481]NE: Registered protocol family 2
[    3.417991] TCP established hash table entries: 65536 (order: 7, 524288 bytes)
[    3.4839] CPbid as tbl etres 636(ode 810856 yts)[   .065935] TCP: Hash tables configured (established 65536 bind 65536)
[    4.137182] UDP hash table entries: 4096 (order: 5, 131072 bytes)
[    4.139020] UDP-Lite hash table entries: 4096 (order: 5, 131072 bytes)
[    4.140976] NET: Registered protocol family 1
[    4.142016] pci 0000:00:00.0: Limiting direct PCI/PCI transfers
[    4.143792] pci 0000:00:01.0: Activating ISA DMA hang workarounds
[    4.145695] Unpacking initramfs...
[   4.374386] Freeing initrd memory: 14884K
[   .4799]PC-DA:Usngsotwrebonc bffrig orIO(SIOLB
   49567] ofwae O LB mpped [mem 0xdbff0000-0xdfff0000] (64MB)
[    5.226480] RAPL PMU detected, API unit is 2^-32 Joules, 4 fixed couters 10737418240 ms ovfl timer
[    5.251041] hw unit of domain pp0-core 2^-0 Joules
[    5.252138] hw unit of domain package 2^-0 Joules
[    5.253208] hw unit of domain dram 2^-0 Joules
[    5.254229] hw unit of domain pp1-gpu 2^-0 Joules
[    5.255374] clocksource: tsc: mask: 0xffffffffffffffff max_cycles: 0x21139776891, max_idle_ns: 440795250948 ns
[    5.257641] platform rtc_cmos: registered platform RTC device (no PNP device found)
[    5.259522] Scanning for low memory corruption every 60 seconds

[    5.261422] audit: initializing netlink subsys (disabled)
[    5.267230] audit: type=2000 audit(1603367614.322:1): initialized
[    5.268858] Initialise system trusted keyring
[    5.270213] HugeTLB registered 2 MB page size, pre-allocated 0 pages
[    5.282528] zbud: loaded
[    5.284028] VFS: Disk quotas dquot_6.6.0
[    5.285335] VFS: Dquot-cache hash table entries: 512 (order 0, 4096 bytes)
[    5.296170] squashfs: version 4.0 (2009/01/31) Phillip Lougher
[    5.298819] fuse init (API version 7.23)
[    5.299898] Key type big_key registered
[    5.300854] Allocating IMA MOK and blacklist keyrings.
[    5.304008] Key type asymmetric registered
[    5.304992] Asymmetric key parser 'x509' registered
[    5.306007] Block layer SCSI generic (bsg) driver version 0.4 loaded (major 249)
[    5.388844] io scheduler noop registered
[    5.389811] io scheduler deadline registered (default)
[    5.414011] io scheduler cfq registered
[    5.424083] pci_hotplug: PCI Hot Plug PCI Core version: 0.5
[    5.425318] pciehp: PCI Express Hot Plug Controller Driver version: 0.4
[    5.426915] ACPI: AC Adapter [AC] (on-line)
[    5.428270] input: Power Button as /devices/LNXSYSTM:00/LNXPWRBN:00/input/input0
[    5.429851] ACPI: Power Button [PWRF]
[    5.430844] input: Sleep Button as /devices/LNXSYSTM:00/LNXSLPBN:00/input/input1
[    5.432386] ACPI: Sleep Button [SLPF]
[    5.434631] GHES: HEST is not enabled!
[    5.435525] ACPI: Battery Slot [BAT0] (battery present)
[    5.459147] Serial: 8250/16550 driver, 32 ports, IRQ sharing enabled
[    5.482558] 00:02: ttyS0 at I/O 0x3f8 (irq = 4, base_baud = 115200) is a 16550A
[    5.487070] Linux agpgart interface v0.103
[    5.493594] loop: module loaded
[    5.495247] scsi host0: ata_piix
[    5.496276] scsi host1: ata_piix
[    5.497130] ata1: PATA max UDMA/33 cmd 0x1f0 ctl 0x3f6 bmdma 0xd000 irq 14
[    5.498654] ata2: PATA max UDMA/33 cmd 0x170 ctl 0x376 bmdma 0xd008 irq 15
[    5.500206] libphy: Fixed MDIO Bus: probed
[   .518191 tun Universal TUN/TAP device driver, 1.6
[    5.616260] tun: (C) 1999-2004 Max Krasnyansky <maxk@qualcomm.com>
[    5.617998] PPP generic driver version 2.4.2
[    5.619500] ehci_hcd: USB .0 'Enhanced' Host Controller (EHCI) Driver
[    5.656709] ehci-pci: EHCI PCI platform driver
[    5.657847] ehci-platform: EHCI generic platorm driver
[    568143] ohci_hcd: USB 1.1 'Open' Host Controller (OHCI) Driver
[    5.727266] ohci-pci: OHCI PCI platform driver
[   5.72170] hci-plform:HCI geric atfom drivr
[   6.1724 ucihc: SBUniversal Host Controller Interface driver
[    6.219403] i8042: PNP: PS/2 Controller [PNP0303:PS2K,PNP0f03:PS2M] at 0x60,0x64 irq 1,12
[    6.221729] serio: i8042 KBD port at 0x60,0x64 irq 1
[    6.222966] serio: i8042 AUX port at 0x60,0x64 irq 12
[    .2442]moseevPS/2 mouse device common for all mice
[    6.458664] rtc_cmos rtc_cmos: rtc core: registered rtc_cmos as rtc0
[    6.460184] input: AT Translated Set 2 keyboard as /devices/platform/i8042/serio0/input/input2
[    6.462236] rtc_cmos rtc_cmos: alarms up to one day, 114 bytes nvram
[    6.463780] i2c /dev entries driver
[    6.464613] device-mapper: uevent: version 1.0.3
[    6.465675] device-mapper: ioctl: 4.34.0-ioctl (2015-10-28) initialised: dm-devel@redhat.com
[    6.477985] ledtrig-cpu: registered to indicate activity on CPUs
[    6.485151] NET: Registered protocol family 10
[    6.486625] NET: Registered protocol family 17
[    6.487716] Key type dns_resolver registered
[    6.489399] registered taskstats version 1
[    6.490532] Loading compiled-in X.509 certificates
[    6.492394] Loaded X.509 cert 'Build time autogenerated kernel key: b89e9ea735e1dbde81c7786f041ecf1d53e71c2e'
[    6.494842] zswap: loaded using pool lzo/zbud
[    6.498287] Key type trusted registered
[    6.508993] Key type encrypted registered
[    6.510674] AppArmor: AppArmor sha1 policy hashing enabled
[    6.511915] ima: No TPM chip found, activating TPM-bypass!
[    6.513140] ima: Allocated hash algorithm: sha1
[    6.514201] evm: HMAC attrs: 0x1
[    6.520738]   Magic number: 8:184:884
[    6.521782] rtc_cmos rtc_cmos: setting system clock to 2020-10-22 11:53:32 UTC (1603367612)
[    6.525050] BIOS EDD facility v0.16 2004-Jun-25, 0 devices found
[    6.526387] EDD information not available.
[    6.528706] Freeing unused kernel memory: 1492K
[    6.550660] Write protecting the kernel read-only data: 14336k
[    6.554500] Freeing unused kernel memory: 1592K
[    6.557354] Freeing unused kernel memory: 56K
Loading, please wait...
starting version 229
[    6.581469] random: systemd-udevd: uninitialized urandom read (16 bytes read, 5 bits of entropy available)
[    6.582809] random: udevadm: uninitialized urandom read (16 bytes read, 5 bits of entropy available)
[    6.582840] random: udevadm: uninitialized urandom read (16 bytes read, 5 bits of entropy available)
[    6.596158] random: udevadm: uninitialized urandom read (16 bytes read, 5 bits of entropy available)
[    6.596224] random: udevadm: uninitialized urandom read (16 bytes read, 5 bits of entropy available)
[    6.596565] random: udevadm: uninitialized urandom read (16 bytes read, 5 bits of entropy available)
[    6.596639] random: udevadm: uninitialized urandom read (16 bytes read, 5 bits of entropy available)
[    6.596711] random: udevadm: uninitialized urandom read (16 bytes read, 5 bits of entropy available)
[    6.596782] random: udevadm: uninitialized urandom read (16 bytes read, 5 bits of entropy available)
[    6.596854] random: udevadm: uninitialized urandom read (16 bytes read, 5 bits of entropy available)
[    6.728154] e1000: Intel(R) PRO/1000 Network Driver - version 7.3.21-k8-NAPI
[    6.748477] e1000: Copyright (c) 1999-2006 Intel Corporation.
[    6.756294] Fusion MPT base driver 3.04.20
[    6.777427] Copyright (c) 1999-2008 LSI Corporation
[    6.789994] Fusion MPT SPI Host driver 3.04.20
[    6.792685] AVX2 version of gcm_enc/dec engaged.
[    6.808031] AES CTR mode by8 optimization enabled
[    6.958105] input: ImExPS/2 Generic Explorer Mouse as /devices/platform/i8042/serio1/input/input4
[    7.115545] e1000 0000:00:03.0 eth0: (PCI:33MHz:32-bit) 02:4a:be:78:5a:c7
[    7.117081] e1000 0000:00:03.0 eth0: Intel(R) PRO/1000 Network Connection
[    7.784741] e1000 0000:00:08.0 eth1: (PCI:33MHz:32-bit) 08:00:27:19:4a:ad
[    7.786541] e1000 0000:00:08.0 eth1: Intel(R) PRO/1000 Network Connection
[    7.789780] e1000 0000:00:08.0 enp0s8: renamed from eth1
[    7.790905] mptbase: ioc0: Initiating bringup
[    7.814843] e1000 0000:00:03.0 enp0s3: renamed from eth0
[    7.859303] ioc0: LSI53C1030 A0: Capabilities={Initiator}
[    8.441140] scsi host2: ioc0: LSI53C1030 A0, FwRev=00000000h, Ports=1, MaxQ=256, IRQ=20
[    8.819368] scsi 2:0:0:0: Direct-Access     VBOX     HARDDISK         1.0  PQ: 0 ANSI: 5
[    8.827569] scsi target2:0:0: Beginning Domain Validation
[    8.832230] scsi target2:0:0: Domain Validation skipping write tests
[    8.834917] scsi target2:0:0: Ending Domain Validation
[    8.836394] scsi target2:0:0: asynchronous
[    8.838196] scsi 2:0:1:0: Direct-Access     VBOX     HARDDISK         1.0  PQ: 0 ANSI: 5
[    8.839912] scsi target2:0:1: Beginning Domain Validation
[    8.841989] scsi target2:0:1: Domain Validation skipping write tests
[    8.843276] scsi target2:0:1: Ending Domain Validation
[    8.844313] scsi target2:0:1: asynchronous
[    8.852103] sd 2:0:0:0: Attached scsi generic sg0 type 0
[    8.852663] sd 2:0:0:0: [sda] 20971520 512-byte logical blocks: (10.7 GB/10.0 GiB)
[    8.852926] sd 2:0:0:0: [sda] Write Protect is off
[    8.853061] sd 2:0:0:0: [sda] Incomplete mode parameter data
[    8.853062] sd 2:0:0:0: [sda] Assuming drive cache: write through
[    8.875840]  sda: sda1
[    8.877004] sd 2:0:0:0: [sda] Attached SCSI disk
[    8.880629] sd 2:0:1:0: Attached scsi generic sg1 type 0
[    8.881151] sd 2:0:1:0: [sdb] 20480 512-byte logical blocks: (10.5 MB/10.0 MiB)
[    8.881450] sd 2:0:1:0: [sdb] Write Protect is off
[    8.881624] sd 2:0:1:0: [sdb] Incomplete mode parameter data
[    8.881625] sd 2:0:1:0: [sdb] Assuming drive cache: write through
[    8.915492] sd 2:0:1:0: [sdb] Attached SCSI disk
Begin: Loading e[   10.312103] md: linear personality registered for level -1
ssential drivers ... [   10.329573] md: multipath personality registered for level -4
[   10.333741] md: raid0 personality registered for level 0
[   10.339532] md: raid1 personality registered for level 1
[   10.410408] raid6: sse2x1   gen()  9020 MB/s
[   10.482399] raid6: sse2x1   xor()  6797 MB/s
[   10.550431] raid6: sse2x2   gen() 11227 MB/s
[   10.618433] raid6: sse2x2   xor()  7426 MB/s
[   10.686419] raid6: sse2x4   gen() 12970 MB/s
[   10.754411] raid6: sse2x4   xor()  9125 MB/s
[   10.822415] raid6: avx2x1   gen() 17454 MB/s
[   10.890418] raid6: avx2x2   gen() 20671 MB/s
[   10.958423] raid6: avx2x4   gen() 23186 MB/s
[   10.959498] raid6: using algorithm avx2x4 gen() 23186 MB/s
[   10.960746] raid6: using avx2x2 recovery algorithm
[   10.963369] xor: automatically using best checksumming function:
[   11.002376]    avx       : 23639.000 MB/sec
[   11.049123] async_tx: api initialized (async)
[   11.062520] md: raid6 personality registered for level 6
[   11.063956] md: raid5 personality registered for level 5
[   11.067205] md: raid4 personality registered for level 4
[   11.130038] md: raid10 personality registered for level 10
done.
Begin: Running /scripts/init-premount ... done.
Begin: Mounting root file system ... Begin: Running /scripts/local-top ... done.
Begin: Running /scripts/local-premount ... [   11.186453] Btrfs loaded
Scanning for Btrfs filesystems
done.
Warning: fsck not present, so skipping root file system
[   11.309489] EXT4-fs (sda1): mounted filesystem with ordered data mode. Opts: (null)
done.
Begin: Running /scripts/local-bottom ... done.
Begin: Running /scripts/init-bottom ... done.
[   12.043676] systemd[1]: systemd 229 running in system mode. (+PAM +AUDIT +SELINUX +IMA +APPARMOR +SMACK +SYSVINIT +UTMP +LIBCRYPTSETUP +GCRYPT +GNUTLS +ACL +XZ -LZ4 +SECCOMP +BLKID +ELFUTILS +KMOD -IDN)
[   12.048224] systemd[1]: Detected virtualization oracle.
[   12.049905] systemd[1]: Detected architecture x86-64.

Welcome to [1mUbuntu 16.04.7 LTS[0m!

[   12.266673] random: nonblocking pool is initialized
[   12.268104] systemd[1]: Set hostname to <ubuntu>.
[   12.283577] systemd[1]: Initializing machine ID from ndom generator.
   12.33308] ystemd[1]: Installed transient /etc/machine-id file.
[   14.531444] systemd[1]: Listening on Journal Socket (/dev/log).
[[0;32m  OK  [0m] Listening on Journal Socket (/dev/log).
[   14.538663] systemd[1]: Started Forward Password Requests to Wall Directory Watch.
[[0;32m  OK  [0m] Started Forward Password Requests to Wall Directory Watch.
[   14.545401] systemd[1]: Listening on Device-mapper event daemon FIFOs.
[[0;32m  OK  [0m] Listening on Device-mapper event daemon FIFOs.
[   14.549179] systemd[1]: Listening on Journal Socket.
[[0;32m  OK  [0m] Listening on Journal Socket.
[   14.551699] systemd[1]: Reached target User and Group Name Lookups.
[[0;32m  OK  [0m] Reached target User and Group Name Lookups.
[   14.554646] systemd[1]: Listening on udev Kernel Socket.
[[0;32m  OK  [0m] Listening on udev Kernel Socket.
[   14.557195] systemd[1]: Reached target Swap.
[[0;32m  OK  [0m] Reached target Swap.
[   14.559577] systemd[1]: Listening on Journal Audit Socket.
[[0;32m  OK  [0m] Listening on Journal Audit Socket.
[   14.562637] systemd[1]: Created slice User and Session Slice.
[[0;32m  OK  [0m] Created slice User and Session Slice.
[   14.565417] systemd[1]: Listening on Syslog Socket.
[[0;32m  OK  [0m] Listening on Syslog Socket.
[   14.568075] systemd[1]: Set up automount Arbitrary Executable File Formats File System Automount Point.
[[0;32m  OK  [0m] Set up automount Arbitrary Executab...ats File System Automount Point.
[   14.572092] systemd[1]: Reached target System Time Synchronized.
[[0;32m  OK  [0m] Reached target System Time Synchronized.
[   14.574984] systemd[1]: Listening on LVM2 metadata daemon socket.
[[0;32m  OK  [0m] Listening on LVM2 metadata daemon socket.
[   14.577869] systemd[1]: Listening on LVM2 poll daemon socket.
[[0;32m  OK  [0m] Listening on LVM2 poll daemon socket.
[   14.580671] systemd[1]: Reached target Encrypted Volumes.
[[0;32m  OK  [0m] Reached target Encrypted Volumes.
[   14.583558] systemd[1]: Created slice System Slice.
[[0;32m  OK  [0m] Created slice System Slice.
[   14.606716] systemd[1]: Mounting Huge Pages File System...
         Mounting Huge Pages File System...
[   14.615840] systemd[1]: Reached target Slices.
[[0;32m  OK  [0m] Reached target Slices.
[   14.619964] systemd[1]: Starting Create list of required static device nodes for the current kernel...
         Starting Create list of required st... nodes for the current kernel...
[   14.640870] systemd[1]: Starting Remount Root and Kernel File Systems...
         Starting Remount Root and Kernel File Systems...
[   14.644631] systemd[1]: Starting Monitoring of LVM2 mirrors, snapshots etc. using dmeventd or progress polling...
         Starting Monitoring of LVM2 mirrors... dmeventd or progress polling...
[   14.652178] systemd[1]: Mounting Debug File System...
         Mounting Debug File System...
[   14.660793] systemd[1]: Starting Journal Service...
         Starting Journal Service...
[   14.665979] systemd[1]: Created slice system-serial\x2dgetty.slice.
[[0;32m  OK  [0m] Created slice sy[   14.691208] EXT4-fs (sda1): re-mounted. Opts: (null)
stem-serial\x2dgetty.slice.
[   14.763024] systemd[1]: Starting Set console keymap...
         Starting Set console keymap...
[   14.791835] systemd[1]: Starting Uncomplicated firewall...
         Starting Uncomplicated firewall...
[   14.834934] systemd[1]: Starting Load Kernel Modules...
         Starting Load Kernel Modules...
[   14.841742] systemd[1]: Listening on udev Control Socket.
[[0;32m  OK  [0m] Listening on udev Control Socket.
[   14.848805] systemd[1]: Mounting POSIX Message Queue File System...
         Mounting POSIX Message Queue File System...
[   14.860129] systemd[1]: Started Trigger resolvconf update for networkd DNS.
[[0;32m  OK  [0m] Started Trigger resolvconf update for networkd DNS.
[   14.904301] systemd[1]: Listening on /dev/initctl Compatibility Named Pipe.
[[0;32m  OK  [0m] Listening on /dev/initctl Compatibility Named Pipe.
[   14.966790] systemd[1]: Starting Nameserver information manager...
         Starting Nameserver information manager...
[   15.039764] systemd[1]: Mounted POSIX Message Queue File System.
[[0;32m  OK  [0m] Mounted POSIX Message Queue File System.
[   15.087791] systemd[1]: Mounted Huge Pages File System.
[[0;32m  OK  [0m] Mounted Huge Pages File System.
[   15.093790] systemd[1]: Mounted Debug File System.
[[0;32m  OK  [0m] Mounted Debug File System.
[   15.101349] systemd[1]: Started Create list of required static device nodes for the current kernel.
[[0;32m  OK  [0m] Started Create list of required sta...ce nodes for the current kernel.
[   15.119275] systemd[1]: Started Remount Root and Kernel File Systems.
[[0;32m  OK  [0m] Started Remount Root and Kernel File Systems.
[   15.131480] systemd[1]: Started Uncomplicated firewall.
[[0;32m  OK  [0m] Started Uncomplicated firewall.
[   15.169413] systemd[1]: Started Journal Service.
[[0;32m  OK  [0m] Started Journal Service.[   15.218758] Loading iSCSI transport class v2.0-870.

[[0;32m  OK  [0m] Started Nameserver information manager.
[[0;32m  OK  [0m] Started Set console keymap.
[[0;32m  OK  [0m] Started LVM2 metadata daemon.
[   15.313745] iscsi: registered transport (tcp)
         Starting udev Coldplug all Devices...
         Starting Load/Save Random Seed...
         Starting Flush Journal to Persistent Storage...
         Starting Create Static Device Nodes in /dev...
[   15.498099] systemd-journald[397]: Received request to flush runtime journal from PID 1
[[0;32m  OK  [0m] Started Load/Save Random Seed.
[[0;32m  OK  [0m] Started Flush Journal to Persistent Storage.
[[0;32m  OK  [0m] Started udev Coldplug all Devices.
[[0;32m  OK  [0m] Started Monitoring of LVM2 mirrors,...ng dmeventd or progress polling.
[   15.652351] iscsi: registered transport (iser)
[[0;32m  OK  [0m] Started Load Kernel Modules.
         Mounting FUSE Control File System...
         Starting Apply Kernel Variables...
[[0;32m  OK  [0m] Mounted FUSE Control File System.
[[0;32m  OK  [0m] Started Apply Kernel Variables.
[[0;32m  OK  [0m] Started Create Static Device Nodes in /dev.
[[0;32m  OK  [0m] Reached target Local File Systems (Pre).
[[0;32m  OK  [0m] Reached target Local File Systems.
         Starting Initial cloud-init job (pre-networking)...
         Starting LSB: AppArmor initialization...
         Starting Tell Plymouth To Write Out Runtime Data...
         Starting Set console font and keymap...
         Starting Create Volatile Files and Directories...
         Starting Commit a transient machine-id on disk...
         Starting udev Kernel Device Manager...
[[0;32m  OK  [0m] Started Commit a transient machine-id on disk.
[[0;32m  OK  [0m] Started Tell Plymouth To Write Out Runtime Data.
[[0;32m  OK  [0m] Started Create Volatile Files and Directories.
         Starting Update UTMP about System Boot/Shutdown...
[[0;32m  OK  [0m] Started Update UTMP about System Boot/Shutdown.
[[0;32m  OK  [0m] Started udev Kernel Device Manager.
[[0;32m  OK  [0m] Started Dispatch Password Requests to Console Directory Watch.
[[0;32m  OK  [0m] Started Set console font and keymap.
[[0;32m  OK  [0m] Created slice system-getty.slice.
[[0;32m  OK  [0m] Found device /dev/ttyS0.
[[0;32m  OK  [0m] Listening on Load/Save RF Kill Switch Status /dev/rfkill Watch.
[[0;32m  OK  [0m] Started LSB: AppArmor initialization.
         Starting Load AppArmor profiles managed internally by snapd...
[[0;32m  OK  [0m] Started Load AppArmor profiles managed internally by snapd.
[   20.261295] cloud-init[472]: Cloud-init v. 20.3-2-g371b392c-0ubuntu1~16.04.1 running 'init-local' at Thu, 22 Oct 2020 11:53:47 +0000. Up 19.63 seconds.
[[0;32m  OK  [0m] Started Initial cloud-init job (pre-networking).
[[0;32m  OK  [0m] Reached target Network (Pre).
         Starting Raise network interfaces...
[[0;32m  OK  [0m] Started Raise network interfaces.
         Starting Initial cloud-init job (metadata service crawler)...
[[0;32m  OK  [0m] Reached target Network.
[   22.501317] cloud-init[980]: Cloud-init v. 20.3-2-g371b392c-0ubuntu1~16.04.1 running 'init' at Thu, 22 Oct 2020 11:53:49 +0000. Up 21.08 seconds.
[   22.518900] cloud-init[980]: ci-info: ++++++++++++++++++++++++++++++++++++++Net device info+++++++++++++++++++++++++++++++++++++++
[   22.522123] cloud-init[980]: ci-info: +--------+-------+----------------------------+---------------+--------+-------------------+
[   22.529012] cloud-init[980]: ci-info: | Device |   Up  |          Address           |      Mask     | Scope  |     Hw-Address    |
[   22.533981] cloud-init[980]: ci-info: +--------+-------+----------------------------+---------------+--------+-------------------+
[   22.545678] cloud-init[980]: ci-info: | enp0s3 |  True |         10.0.2.15          | 255.255.255.0 | global | 02:4a:be:78:5a:c7 |
[   22.554351] [[0;32m  OK  [0m] Started Initial cloud-init job (metadata service crawler).
[[0;32m  OK  [0m] Reached target System Initialization.
[[0;32m  OK  [0m] Listening on D-Bus System Message Bus Socket.
cloud-init[980]: ci-info: | enp0s3 |  True | fe80::4a:beff:fe78:5ac7/64 |       .       |  link  | 02:4a:be:78:5a:c7 |
         Starting LXD - unix socket.
[[0;32m  OK  [0m] Started Daily apt download activities.
[   22.571965] cloud-init[980]: ci-info: | enp0s8 | False |             .              |       .       |   .    | 08:00:27:19:4a:ad |
[   22.592548] [cloud-init[0;32m  OK  [0m[980]: ] ci-info: |   lo   |  True |         127.0.0.1          |   255.0.0.0   |  host  |         .         |Started ACPI Events Check.

[   22.654327] [[0;32m  OK  [0m] Reached target Paths.cloud-init
[980]: ci-info: |   lo   |  True |          ::1/128           |       .       |  host  |         .         |
[   22.657955] [[0;32m  OK  [0m] Listening on UUID daemon activation socket.
[[0;32m  OK  [0m] Listening on ACPID Listen Socket.
[[0;32m  OK  [0m] Started Daily Cleanup of Temporary Directories.
         Starting Socket activation for snappy daemon.
cloud-init[980]: ci-info: +--------+-------+----------------------------+---------------+--------+-------------------+
[   22.733040] [cloud-init[0;32m  OK  [0m[980]: ] ci-info: +++++++++++++++++++++++++++Route IPv4 info++++++++++++++++++++++++++++Started Message of the Day.

[[0;32m  OK  [0m] Started Daily apt upgrade and clean activities.
[[0;32m  OK  [0m] Reached target Timers.
[   22.734792] cloud-init[980]: ci-info: +-------+-------------+----------+---------------+-----------+-------+
[   22.796740] [cloud-init[0;32m  OK  [0m[980]: ] ci-info: | Route | Destination | Gateway  |    Genmask    | Interface | Flags |Reached target Cloud-config availability.

[   22.850869] cloud-init[[980]: [0;32m  OK  [0mci-info: +-------+-------------+----------+---------------+-----------+-------+] 
Reached target Network is Online.
[   22.853688] cloud-init[980]: ci-info: |   0   |   0.0.0.0   | 10.0.2.2 |    0.0.0.0    |   enp0s3  |   UG  |
[   22.871697] cloud-init[980]: ci-info: |   1   |   10.0.2.0  | 0.0.0.0  | 255.255.255.0 |   enp0s3  |   U   |
[   22.874197] cloud-init[980]: ci-info: +-------+-------------+----------+---------------+-----------+-------+
         Starting iSCSI initiator daemon (iscsid)...
[[0;32m  OK  [0m] Listening on LXD - unix socket.
[[0;32m  OK  [0m] Listening on Socket activation for snappy daemon.
[[0;32m  OK  [0m] Reached target Sockets.
[[0;32m  OK  [0m] Reached target Basic System.
[   22.876721] cloud-init[980]: ci-info: +++++++++++++++++++Route IPv6 info+++++++++++++++++++
[   22.910995]          Starting /etc/rc.local Compatibility...
cloud-init[980]: ci-info: +-------+-------------+---------+-----------+-------+
[   22.947224]          Starting LSB: Record successful boot for GRUB...
cloud-init[980]: ci-info: | Route | Destination | Gateway | Interface | Flags |
[   23.000804]          cloud-initStarting Pollinate to seed the pseudo random number generator...[980]: 
ci-info: +-------+-------------+---------+-----------+-------+
[   23.026259] cloud-init[980]: ci-info: |   0   |  fe80::/64  |    ::   |   enp0s3  |   U   |
         Starting LXD - container startup/shutdown...
[   23.028711] cloud-init[980]: ci-info: |   3   |   ff00::/8  |    ::   |   enp0s3  |   U   |
[   23.058564] cloud-init[980]: ci-info: +-------+-------------+---------+-----------+-------+
[   23.060296] cloud-init[980]: Generating public/private rsa key pair.
[   23.080394]          Starting Accounts Service...
cloud-init[980]: Your identification has been saved in /etc/ssh/ssh_host_rsa_key.
[   23.113956] cloud-init[980]: Your public key has been saved in /etc/ssh/ssh_host_rsa_key.pub.
[   23.118261] cloud-init[980]: The key fingerprint is:
[   23.120780] cloud-init[980]: SHA256:h+Z2xZn+FOvEd5QXK5Rj+dn2U0VgXLG+mXLGXlVkRaU root@ubuntu-xenial
[   23.127665] cloud-init[980]: The key's randomart image is:
[   23.129292] cloud-init[980]: +---[RSA 2048]----+
[   23.130718] cloud-init[980]: |             .o=%|
[   23.132473] cloud-init[980]: |             .+=.|
[   23.174853] cloud-init[980]: |             *Eoo|
[   23.179162] cloud-init[980]: |         . .oo+ O|
[   23.184114] cloud-init[980]: |        S . =..*B|
[   23.185607] cloud-init[980]: |       o . o .o=O|
[   23.187014] cloud-init[980]: |        o . ..=O=|
[   23.188511] cloud-init[980]: |       . .   ==.+|
[   23.189931] cloud-init[980]: |              o. |
[   23.191340] cloud-init[980]: +----[SHA256]-----+
[   23.192853] cloud-init[980]: Generating public/private dsa key pair.
[   23.194533] cloud-init[980]: Your identification has been saved in /etc/ssh/ssh_host_dsa_key.
[   23.196591] cloud-init[980]: Your public key has been saved in /etc/ssh/ssh_host_dsa_key.pub.
[   23.198543] cloud-init[980]: The key fingerprint is:
[   23.200319] cloud-init[980]: SHA256:excSVHRMek8A7FZa9cDJ2CS7J9qY7/YuwmvUCtyK7uY root@ubuntu-xenial
[   23.202373] cloud-init[980]: The key's randomart image is:
[   23.203945] cloud-init[980]: +---[DSA 1024]----+
[   23.208961] cloud-init[980]: |          .+=X*o.|
[   23.210575] cloud-init[980]: |         .  o=Oo.|
[   23.211987] cloud-init[980]: |          ..o+. o|
[   23.226055]          cloud-initStarting Snap Daemon...[980]: 
|           .+o o |
[   23.244606]          cloud-initStarting LSB: MD monitoring daemon...[980]: 
|       .S..o+ . .|
[   23.263172] [[0;32m  OK  [0m] Started D-Bus System Message Bus.
cloud-init[980]: |        o.o*.+   |
[   23.268121] cloud-init[980]: |       ..==.o    |
[   23.271439] cloud-init[980]: |      o ..=oo    |
[   23.274611] cloud-init[980]: |     =E  ..=o+o  |
[   23.276619] cloud-init[980]: +----[SHA256]-----+
[   23.278153] cloud-init[980]: Generating public/private ecdsa key pair.
[   23.293877] cloud-init[980]: Your identification has been saved in /etc/ssh/ssh_host_ecdsa_key.
[   23.334764] cloud-init[980]: Your public key has been saved in /etc/ssh/ssh_host_ecdsa_key.pub.
[   23.338129] cloud-init[980]: The key fingerprint is:
[   23.341063] cloud-init[980]: SHA256:5dQ5WhlDCRFrKNC0Zdh5DZbHCoHtB5oetsi8qY5Kw+8 root@ubuntu-xenial
[   23.343265] cloud-init[980]: The key's randomart image is:
[   23.345003] cloud-init[980]: +---[ECDSA 256]---+
[   23.346746] cloud-init[980]: |    .o.=+o*X+.   |
[   23.356515] cloud-init[980]: |     .++*ooo==   |
[   23.358395] cloud-init[980]: |      o+.+=o*    |
[   23.364392] cloud-init[980]: |      =..=oo .   |
[   23.403754] cloud-init[980]: |   o + oS.o      |
[   23.405560] cloud-init[980]: |.   + o          |
[   23.416468] cloud-init[980]: | +   o           |
[   23.418138] cloud-init[980]: |..o o            |
[   23.421208] cloud-init[980]: |+.+E             |
[   23.429985] cloud-init[980]: +----[SHA256]-----+
[   23.432210] cloud-init[980]: Generating public/private ed25519 key pair.
[   23.438270] cloud-init[980]: Your identification has been saved in /etc/ssh/ssh_host_ed25519_key.
[   23.480347] cloud-init[980]: Your public key has been saved in /etc/ssh/ssh_host_ed25519_key.pub.
[   23.488535] cloud-init[980]: The key fingerprint is:
[   23.492503] cloud-init[980]: SHA256:d6uTiYdQIZGAuWLjatDB9kHFwT5yQ1ICTa03kwb8BMc root@ubuntu-xenial
[   23.498093] cloud-init[980]: The key's randomart image is:
[   23.499684] cloud-init[980]: +--[ED25519 256]--+
[   23.516391] cloud-init[980]: |  .B=X*+         |
[   23.532124] cloud-init[980]: |  o *oE .        |
[   23.537220] cloud-init[980]: | . o O o .       |
[   23.540335] cloud-init[980]: |.o= + % .        |
[   23.542305] cloud-init[980]: |o+.o * *S . .    |
[   23.545409] cloud-init[980]: |... . .  . . .   |
[   23.547373] cloud-init[980]: |o      . o o.    |
[   23.555016] cloud-init[980]: |..      o =.     |
[   23.564684] cloud-init[980]: |.        ...     |
[   23.567414] cloud-init[980]: +----[SHA256]-----+
[[0;32m  OK  [0m] Started ACPI event daemon.
[[0;32m  OK  [0m] Started FUSE filesystem for LXC.
         Starting Virtualbox guest utils...
         Starting System Logging Service...
         Starting Login Service...
[[0;32m  OK  [0m] Started Regular background program processing daemon.
[[0;32m  OK  [0m] Started Deferred execution scheduler.
[[0;32m  OK  [0m] Started /etc/rc.local Compatibility.
[[0;32m  OK  [0m] Started LSB: Record successful boot for GRUB.
[[0;32m  OK  [0m] Started LSB: MD monitoring daemon.
         Starting Authenticate and Authorize Users to Run Privileged Tasks...
[[0;32m  OK  [0m] Started iSCSI initiator daemon (iscsid).
[[0;32m  OK  [0m] Started Login Service.
[[0;32m  OK  [0m] Started Unattended Upgrades Shutdown.
         Starting Login to default iSCSI targets...
[[0;32m  OK  [0m] Started System Logging Service.
[[0;32m  OK  [0m] Started Login to default iSCSI targets.
[[0;32m  OK  [0m] Reached target Remote File Systems (Pre).
[[0;32m  OK  [0m] Reached target Remote File Systems.
         Starting LSB: automatic crash report generation...
         Starting LSB: daemon to balance interrupts for SMP systems...
         Starting LSB: Set the CPU Frequency Scaling governor to "ondemand"...
         Starting Permit User Sessions...
[[0;32m  OK  [0m] Started LSB: Set the CPU Frequency Scaling governor to "ondemand".
[[0;32m  OK  [0m] Started Permit User Sessions.
         Starting Terminate Plymouth Boot Screen...
         Starting Hold until boot process finishes up...
[[0;32m  OK  [0m] Started Hold until boot process finishes up.
[[0;32m  OK  [0m] Started Terminate Plymouth Boot Screen.
[[0;32m  OK  [0m] Started LSB: daemon to balance interrupts for SMP systems.
         Starting Set console scheme...
[[0;32m  OK  [0m] Started Getty on tty1.
[[0;32m  OK  [0m] Started Serial Getty on ttyS0.
[[0;32m  OK  [0m] Reached target Login Prompts.
[[0;32m  OK  [0m] Started Pollinate to seed the pseudo random number generator.
         Starting OpenBSD Secure Shell server...
[[0;32m  OK  [0m] Started Virtualbox guest utils.
[[0;32m  OK  [0m] Started LSB: automatic crash report generation.
[[0;32m  OK  [0m] Started Set console scheme.
[[0;32m  OK  [0m] Started Authenticate and Authorize Users to Run Privileged Tasks.
[[0;32m  OK  [0m] Started Accounts Service.
[[0;32m  OK  [0m] Started LXD - container startup/shutdown.
[[0;32m  OK  [0m] Started OpenBSD Secure Shell server.
[[0;32m  OK  [0m] Started Snap Daemon.
         Starting Wait until snapd is fully seeded...
[[0;32m  OK  [0m] Started Wait until snapd is fully seeded.
         Starting Apply the settings specified in cloud-config...
[[0;32m  OK  [0m] Reached target Multi-User System.
[[0;32m  OK  [0m] Reached target Graphical Interface.
         Starting Update UTMP about System Runlevel Changes...
[[0;32m  OK  [0m] Started Update UTMP about System Runlevel Changes.
[[0;32m  OK  [0m] Created slice User Slice of vagrant.
         Starting User Manager for UID 1000...
[[0;32m  OK  [0m] Started Session 1 of user vagrant.
[[0;32m  OK  [0m] Started User Manager for UID 1000.
[   30.398053] cloud-init[1326]: Generating locales (this might take a while)...
[   32.640412] cloud-init[1326]:   en_US.UTF-8... done
[   32.641957] cloud-init[1326]: Generation complete.

Ubuntu 16.04.7 LTS ubuntu-xenial ttyS0

ubuntu-xenial login: [   36.295836] cloud-init[1326]: Cloud-init v. 20.3-2-g371b392c-0ubuntu1~16.04.1 running 'modules:config' at Thu, 22 Oct 2020 11:53:58 +0000. Up 29.92 seconds.
ci-info: no authorized SSH keys fingerprints found for user ubuntu.
<14>Oct 22 11:54:05 ec2: 
<14>Oct 22 11:54:05 ec2: #############################################################
<14>Oct 22 11:54:05 ec2: -----BEGIN SSH HOST KEY FINGERPRINTS-----
<14>Oct 22 11:54:05 ec2: 1024 SHA256:excSVHRMek8A7FZa9cDJ2CS7J9qY7/YuwmvUCtyK7uY root@ubuntu-xenial (DSA)
<14>Oct 22 11:54:05 ec2: 256 SHA256:5dQ5WhlDCRFrKNC0Zdh5DZbHCoHtB5oetsi8qY5Kw+8 root@ubuntu-xenial (ECDSA)
<14>Oct 22 11:54:05 ec2: 256 SHA256:d6uTiYdQIZGAuWLjatDB9kHFwT5yQ1ICTa03kwb8BMc root@ubuntu-xenial (ED25519)
<14>Oct 22 11:54:05 ec2: 2048 SHA256:h+Z2xZn+FOvEd5QXK5Rj+dn2U0VgXLG+mXLGXlVkRaU root@ubuntu-xenial (RSA)
<14>Oct 22 11:54:05 ec2: -----END SSH HOST KEY FINGERPRINTS-----
<14>Oct 22 11:54:05 ec2: #############################################################
-----BEGIN SSH HOST KEY KEYS-----
ecdsa-sha2-nistp256 AAAAE2VjZHNhLXNoYTItbmlzdHAyNTYAAAAIbmlzdHAyNTYAAABBBF6uzxduy8kWKqpNXMsmwAl6fQWpqpsaKDJUKjPN5wxM7BKcSbtpeN8TQ+Z0fWm8XGKpQYksNgGGuqsY1d3XIyE= root@ubuntu-xenial
ssh-ed25519 AAAAC3NzaC1lZDI1NTE5AAAAINPMABp9KLqgkxGDkaT177zwLbqhmEHS2pHMRc6pki0V root@ubuntu-xenial
ssh-rsa AAAAB3NzaC1yc2EAAAADAQABAAABAQCfAwPAenb3pp509mjaHYlv7sVG62VxqzssITUg4QgCqw2nO05tzFpinS/D3XOQTm7XFc+nfrMNSMa5W9ksa6sGounRfRDOIt8Wnw++O3Xp/iKBxjS2dOPxXIv9M+Y+Acv9t8a9lP8JzyOebp7fuMXBo+GnP5HIQBllggJIfpbW0SnUYU+yNlfBS3FQerx3f3z0tuLcetmYSW7IzE5yQ3QHSIQ95+shToXpZVJ0YF97gh6fNsyfebhSFKiK7fIPpdxQxT5Y8XioCrJpMJ+mVxpOFt2jCLPtIgT5Il/cobGyS4X48GUlijAz5wNnaqsrG3XpLXe1X3S8oo7K3Nl3lbdH root@ubuntu-xenial
-----END SSH HOST KEY KEYS-----
[   37.006948] cloud-init[1623]: Cloud-init v. 20.3-2-g371b392c-0ubuntu1~16.04.1 running 'modules:final' at Thu, 22 Oct 2020 11:54:04 +0000. Up 36.75 seconds.
[   37.007259] cloud-init[1623]: ci-info: no authorized SSH keys fingerprints found for user ubuntu.
[   37.007399] cloud-init[1623]: Cloud-init v. 20.3-2-g371b392c-0ubuntu1~16.04.1 finished at Thu, 22 Oct 2020 11:54:05 +0000. Datasource DataSourceNoCloud [seed=/dev/sdb][dsmode=net].  Up 36.97 seconds
[[0;32m  OK  [0m] Closed Load/Save RF Kill Switch Status /dev/rfkill Watch.
         Unmounting /vagrant_target...
[[0;32m  OK  [0m] Stopped target Cloud-init target.
         Stopping Session 3 of user vagrant.
         Unmounting /vagrant...
         Stopping User Manager for UID 1000...
         Unmounting /vagrant_scripts...
[[0;32m  OK  [0m] Stopped target Timers.
[[0;32m  OK  [0m] Stopped Message of the Day.
[[0;32m  OK  [0m] Stopped Daily apt upgrade and clean activities.
[[0;32m  OK  [0m] Stopped Daily Cleanup of Temporary Directories.
         Stopping Session 4 of user vagrant.
         Stopping ACPI event daemon...
         Stopping Authenticate and Authorize         Stopping LXD - container startup/shutdown...
         Stopping LSB: automatic crash report generation...
         Stopping OpenBSD Secure Shell server...
[[0;32m  OK  [0m] Stopped Apache Tomcat Web Application Container.
         Stopping LSB: Set the CPU Frequency Scaling governor to "ondemand"...
         Stopping LSB: daemon to balance interrupts for SMP systems...
         Stopping D-Bus System Message Bus...
         Stopping Virtualbox guest utils...
         Stopping FUSE filesystem for LXC...
[[0;32m  OK  [0m] Stopped Wait until snapd is fully seeded.
         Stopping Regular background program processing daemon...
         Stopping LSB: Record successful boot for GRUB...
         Stopping LSB: MD monitoring daemon...
         Stopping Deferred execution scheduler...
         Stopping MySQL Community Server...
         Stopping System Logging Service...
[[0;32m  OK  [0m] Unmounted /var/lib/lxcfs.
[[0;32m  OK  [0m] Stopped Accounts Service.
[[0;32m  OK  [0m] Stopped ACPI event daemon.
[[0;32m  OK  [0m] Stopped System Logging Service.
[[0;32m  OK  [0m] Stopped Regular background program processing daemon.
[[0;32m  OK  [0m] Stopped Deferred execution scheduler.
[[0;32m  OK  [0m] Stopped Authenticate and Authorize Users to Run Privileged Tasks.
[[0;32m  OK  [0m] Stopped Getty on tty1.
[[0;32m  OK  [0m] Stopped Serial Getty on ttyS0.
[[0;32m  OK  [0m] Stopped OpenBSD Secure Shell server.
[[0;32m  OK  [0m] Stopped User Manager for UID 1000.
[[0;32m  OK  [0m] Stopped Session 3 of user vagrant.
[[0;32m  OK  [0m] Unmounted /vagrant_target.
[[0;32m  OK  [0m] Unmounted /vagrant.
[[0;32m  OK  [0m] Unmounted /vagrant_scripts.
[[0;32m  OK  [0m] Stopped Session 4 of user vagrant.
[[0;32m  OK  [0m] Stopped D-Bus System Message Bus.
[[0;32m  OK  [0m] Stopped FUSE filesystem for LXC.
[[0;32m  OK  [0m] Stopped LXD - container startup/shutdown.
[[0;32m  OK  [0m] Stopped LSB: automatic crash report generation.
[[0;32m  OK  [0m] Stopped LSB: Set the CPU Frequency Scaling governor to "ondemand".
[[0;32m  OK  [0m] Stopped LSB: Record successful boot for GRUB.
[[0;32m  OK  [0m] Stopped LSB: daemon to balance interrupts for SMP systems.
[[0;32m  OK  [0m] Removed slice User Slice of vagrant.
         Stopping Login Service...
[[0;32m  OK  [0m] Removed slice system-serial\x2dgetty.slice.
[[0;32m  OK  [0m] Stopped /etc/rc.local Compatibility.
[[0;32m  OK  [0m] Removed slice system-getty.slice.
         Stopping Permit User Sessions...
[[0;32m  OK  [0m] Stopped Virtualbox guest utils.
[[0;32m  OK  [0m] Stopped LSB: MD monitoring daemon.
[[0;32m  OK  [0m] Stopped Permit User Sessions.
[[0;32m  OK  [0m] Stopped target Remote File Systems.
[[0;32m  OK  [0m] Stopped target Remote File Systems (Pre).
         Stopping Login to default iSCSI targets...
[[0;32m  OK  [0m] Stopped Login Service.
[[0;32m  OK  [0m] Stopped target User and Group Name Lookups.
[[0;32m  OK  [0m] Stopped Login to default iSCSI targets.
         Stopping iSCSI initiator daemon (iscsid)...
[[0;32m  OK  [0m] Stopped iSCSI initiator daemon (iscsid).
[[0;32m  OK  [0m] Stopped target Network is Online.
[[0;32m  OK  [0m] Stopped MySQL Community Server.
[[0;32m  OK  [0m] Stopped target Basic System.
[[0;32m  OK  [0m] Stopped target Sockets.
[[0;32m  OK  [0m] Closed LXD - unix socket.
[[0;32m  OK  [0m] Closed Syslog Socket.
[[0;32m  OK  [0m] Closed UUID daemon activation socket.
[[0;32m  OK  [0m] Closed Socket activation for snappy daemon.
[[0;32m  OK  [0m] Closed D-Bus System Message Bus Socket.
[[0;32m  OK  [0m] Closed ACPID Listen Socket.
[[0;32m  OK  [0m] Stopped target Slices.
[[0;32m  OK  [0m] Removed slice User and Session Slice.
[[0;32m  OK  [0m] Stopped target Paths.
[[0;32m  OK  [0m] Stopped Dispatch Password Requests to Console Directory Watch.
[[0;32m  OK  [0m] Stopped ACPI Events Check.
[[0;32m  OK  [0m] Stopped Forward Password Requests to Wall Directory Watch.
[[0;32m  OK  [0m] Stopped target System Initialization.
         Stopping Update UTMP about System Boot/Shutdown...
[[0;32m  OK  [0m] Stopped target Encrypted Volumes.
[[0;32m  OK  [0m] Stopped Commit a transient machine-id on disk.
[[0;32m  OK  [0m] Stopped target Swap.
[[0;32m  OK  [0m] Stopped Initial cloud-init job (metadata service crawler).
         Stopping Load/Save Random Seed...
[[0;32m  OK  [0m] Stopped target Network.
         Stopping Raise network interfaces...
[[0;32m  OK  [0m] Stopped Load/Save Random Seed.
[[0;32m  OK  [0m] Stopped Update UTMP about System Boot/Shutdown.
[[0;32m  OK  [0m] Stopped Create Volatile Files and Directories.
[[0;32m  OK  [0m] Stopped Raise network interfaces.
[[0;32m  OK  [0m] Stopped target Local File Systems.
         Unmounting /run/user/1000...
[[0;32m  OK  [0m] Stopped target Network (Pre).
[[0;32m  OK  [0m] Stopped Initial cloud-init job (pre-networking).
[[0;32m  OK  [0m] Stopped Apply Kernel Variables.
[[0;32m  OK  [0m] Stopped Load Kernel Modules.
[[0;32m  OK  [0m] Unmounted /run/user/1000.
[[0;32m  OK  [0m] Reached target Unmount All Filesystems.
[[0;32m  OK  [0m] Stopped target Local File Systems (Pre).
[[0;32m  OK  [0m] Stopped Create Static Device Nodes in /dev.
[[0;32m  OK  [0m] Stopped Remount Root and Kernel File Systems.
[[0;32m  OK  [0m] Reached target Shutdown.
[  358.679469] reboot: Power down
