[    0.000000] Initializing cgroup subsys cpuset
[    0.000000] Initializing cgroup subsys cpu
[    0.000000] Initializing cgroup subsys cpuacct
[    0.000000] Linux version 4.4.0-190-generic (buildd@lcy01-amd64-026) (gcc version .4.0 20160609 (Ubuntu 5.4.0-6ubuntu1~16.04.12) ) #220-Ubuntu SMP Fri Aug 28 23:02:15 UTC 2020 (Ubuntu 4.4.0-190.220-geeric 4.4.233)
[    0.000000] Command line: BOOT_IMAGE=/boot/vmlinuz-4.4.0-190-generic root=LABEL=cloudimg-rootfs ro console=tty1 console=ttyS0
[    0.000000] KERNEL supported cpus:
[    0.000000]   Intel GenuineIntel
[    0.000000]   AMD AuthenticAMD
[    0.000000]   Centaur CentaurHauls
[    0.000000] x86/fpu: xstate_offset[2]:  576, xstate_sizes[2]:  256
[    0.000000] x86/fpu: Supporting XSAVE feature 0x01: 'x87 floating point registers'
[    0.000000] x86/fpu: Supporting XSAVE feature 0x02: 'SSE registers'
[    0.000000] x86/fpu: Supporting XSAVE feature 0x04: 'AVX registers'
[    0.000000] x86/fpu: Enabled xstate features 0x7, context ize  832 bytes, using 'standard' format.
[    0.000000] e820: BIOS-provided physical RAM map:
[    0.000000] BIOS-e820: [em 0x0000000000000000-0x000000000009fbff] usable
[    0.000000] BIOS-e820: [mem 0x000000000009fc00-0x000000000009ffff] reserved
[    0.000000] BI-e820: [mem 0x0000000000f0000-0x00000000000fffff] reserved
[    0.000000] BIOS-e820: [mem 0x0000000000100000-0x00000000dffeffff] usable
[    0.000000] BIOS-e820: [mem 0x00000000dfff0000-0x00000000dfffffff] ACPI data
[    0.000000] BIOS-e820: [mem 0x00000000fec00000-0x00000000fec00fff] reserved
[    0.000000] BIOS-e820: [mem 0x00000000fee00000-0x00000000fee00fff] reserved
[    0.000000] BIOS-e820: [mem 0x00000000fffc0000-0x00000000ffffffff] reserved
[    0.000000] BIOS-e820: [mem 0x0000000100000000-0x000000021fffffff] usable
[    0.000000] NX (Execute Disable) protection: active
[    0.000000] SMBIOS 2.5 present.
[    0.000000] Hypervisor detected: KVM
[    0.000000] e820: last_pfn =0x220000 max_arch_pfn = 0x400000000
[    0.000000] MTRR: Disabled
[    0.000000] x86/PAT: MTRRs disabled, skipping PAT initialization too.
[    0.000000] CPU MTRRs all blank - virtualized system.
[    0.000000] x86/PAT: Configuration [0-7]: WB  WT  UC- UC  WB  WT  UC- UC  
[    0.000000] e820: last_pfn = 0xdfff0 max_arch_pfn = 0x400000000
[    0.000000] found SMP MP-table at [mem 0x0009fff0-0x0009ffff] mapped at [ffff88000009fff0]
[   0.000000] Scanning 1 areas for low memory corruption
[   0.000000] RAMDISK: [mem 0x362de000-0x37166fff]
[    0.000000] ACPI: Early table checksum verification disabled
[    0.000000] ACPI: RSDP 0x00000000000E0000 000024 (v02 VBOX  )
[    0.000000] ACPI: XSDT 0x00000000DFFF0030 00003C (v01 VBOX   VBOXXSDT 00000001 ASL  00000061)
[    0.000000] ACPI: FACP 0x00000000DFFF00F0 0000F4 (v04 VBOX   VBOXFACP 00000001 ASL  00000061)
[    0.000000] ACPI: DSDT 0x00000000DFFF0480 0021FF (v02 VBOX   VBOXBIOS 00000002 INTL 20180105)
[    0.000000] ACPI: FACS 0x00000000DFFF0200 000040
[    0.000000] ACPI: FACS 0x00000000DFFF0200 000040
[    0.000000] ACPI: APIC 0x00000000DFFF0240 00006C (v02 VBOX   VBOXAPIC 00000001 ASL  00000061)
[    0.000000] ACPI: SSDT 0x00000000DFFF02B0 0001CC (v01 VBOX   VBOXCPUT 00000002 INTL 20180105)
[    0.000000] No NUMA configuration found
[    0.00000] Fakin a node at [mem 0x00000000000000-0x000000021fffffff]
[    0.000000] NODE_DATA(0) allocated [mem 0x21fff5000x21fff9fff]
[    0.000000] kvm-clock: Using msrs 4b564d01 and 4b564d00
[    0.000000] kvm-clock: cpu 0, msr 2:1ffed001, primary cpu clock
[    0.000000] kvm-clock: using schd offset of 7452592440 cycles
[    0.00000] clocksource: kvm-clock: mask: 0xfffffffffffffff max_cycles: 0x1cd42e4dffb, max_idle_ns: 88150591483 ns
[    0.000000] Zone ranges:
[    0.000000]   DMA      [mem 0x0000000000001000-0x0000000000ffffff]
[    0.000000]   DMA32    [mem 0x0000000001000000-0x00000000ffffffff]
[    0.000000]   Normal   [mem 0x0000000100000000-0x000000021fffffff]
[    0.000000]   Device  emty
[    0.000000] Movable zone start for each node
[    0.000000] Early memory node ranges
[    0.000000]   node   0: [mem 0x0000000000001000-0x000000000009efff]
[    0.000000]   node   0: [mem 0x0000000000100000-0x00000000dffeffff]
[    0.000000]   node   0: [mem 0x0000000100000000-0x000000021fffffff]
[    0.000000] Initmem setup node0 [mem 0x00000000000010-0x000000021fffffff]
[    0.000000] ACPI: PM-Timer IO Port: 0x4008
[    0.000000] IOAPIC[0]: apic_id 4, version 32, address 0xfec00000, GSI 0-23
[    0.000000] ACPI: INT_SRC_OVR (bus 0 bus_irq 0 global_irq 2 dfl dfl)
[    0.000000] ACPI: INT_SRC_OVR (bus 0 bus_irq 9 global_irq 9 low level)
[    0.000000] Using ACPI (MADT) for SMP configuration information
[    0.000000] smpboot: Allowing 4 CPUs, 0 hotplug CPUs
[    0.000000] PM: Registered nosave memory: [mem 0x00000000-0x00000fff]
[    0.000000] PM: Registered nosave memory: [mem 0x0009f000-0x0009ffff]
[    0.000000] PM: Registered nosave memory: [mem 0x000a0000-0x000effff]
[    0.000000] PM: Registered nosave memory: [mem 0x000f0000-0x000fffff]
[    0.000000] PM: Registered nosave memory: [mem 0xdfff0000-0xdfffffff]
   0.00000] PM: Registered nosave memory: [mem 0xe0000000-0xfebfffff]
[    0.000000] PM: Registered nosave memory: [mem 0xfec00000-0xfec00fff]
[    0.000000] PM: Registered nosave memory: [mem 0xfec01000-0xfedfffff]
[    0.000000] PM: Registered nosave memory: [mem 0xfee00000-0xfee00fff]
[    0.000000] PM: Registered nosave memory: [mem 0xfee01000-0xfffbffff]
[    0.000000] PM: Registered nosave memory: [mem 0xfffc0000-0xffffffff]
[    0.000000] e820: [mem 0xe0000000-0xfebfffff] available for PCI devices
[    0.000000] Booting paravirtualized kernel on KVM
[    0.000000] clocksource: refined-jiffies: mask: 0xffffffff max_cycles: 0xffffffff, max_idle_ns: 7645519600211568 n
[    0.000000] setup_percpu: NR_CPUS:512 ncpumask_bis:512 nr_cpu_ids:4 nr_node_ids:1
[   0.00000] PERCPU: Embeded 33 pages/cpu @ffff88021fc00000 s95512 r8192 d31464 u524288
[    0.000000] Built 1 zonelists in Node order, mobility grouping on.  Total pages: 2064248
[    0.000000] Policy zone: Normal
[    0.000000] Kernel command line: BOOT_IMAGE=/boot/vmlinuz-4.4.0-190-generic root=LABEL=cloudimg-rootfs ro console=tty1 console=ttyS0
[    0.000000] PID hash table entries: 4096 (order: 3, 32768 bytes)
[    0.000000] Memory: 8156668K/8388152K available (8636K kernel code, 1337K rwdata, 4040K rodata, 1492K init, 1296K bss, 231484K reserved, 0K cma-reserved)
[    0.000000] SLUB: HWalign=64, Order=0-3, MinObjects=0, CPUs=4, Nodes=1
[    0.000000] Kernel/User page tables isolation: enabled
[    0.000000] Hierarchical RCU implementation.
[    0.000000] 	Build-time adjustment of leaf fanout to 64.
[    0.000000] 	RCU restricting CPUs from NR_CPUS=512 to nr_cpu_ids=4.
[    0.000000] RCU: Adjusting geometry for rcu_fanout_leaf=64, nr_cpu_ids=4
[    0.000000] NR_IRQS:33024 nr_irqs:456 16
[    0.000000] Console: colour VGA+ 80x25
[    0.000000] console [tty1] enabled
[    0.000000] console [ttyS0] enabled
[    0.000000] tsc: Detected 2294.684 MHz processor
[    2.116347] Calibrating delay loop (skipped) preset value.. 4589.36 BogoMIPS (lpj=9178736)
[    2.118588] pid_max: default: 32768 minimum: 301
[    2.120122] ACPI:ore revision 20150930
[    2.151725] ACPI: 2 ACPI AML tables successfully acquired and loaded
[    2.167163] Security Framework initialized
[    2.171688] Yama: becoming mindful.
[    2.172930] AppArmor: AppArmor initialized
[    2.183908] Dentry cache hash table entries: 1048576 (order: 11, 8388608 bytes)
[    2.197869] Inode-cache hash table entries: 524288 (order: 10, 4194304 bytes)
[    2.206619] Mount-cache hash table entries: 16384 (order: 5, 131072 bytes)
[    2.212031] Mountpoint-cache hash table entries: 16384 (order: 5, 131072 bytes)
[    2.215399] Initializing cgroup subsys io
[    2.226588] Initializing cgroup subsys memory
[    2.227527] Initializing cgroup subsys devices
[    2.233973] Initializing cgroup subsys freezer
[    2.235331] Initializing cgroup subsys net_cls
[    2.242314] Initializing cgroup subsys perf_event
[    2.247752] Initializing cgroup subsys net_prio
[    2.259969] Initializing cgroup subsys hugetlb
[    2.263637] Initializing cgroup subsys pids
[    2.274050] mce: CPU supports 0 MCE banks
[    2.275819] Last level iTLB entries: 4KB 64, 2MB 8, 4MB 8
[    2.288802] Last level dTLB entries: 4KB 64, 2MB 0, 4MB 0, 1GB 4
[    2.299264] Spectre V1 : Mitigation: usercopy/swapgs barriers and __user pointer sanitization
[    2.301421] Spectre V2 : Mitigation: Full generic retpoline
[    2.317371] Spectre V2 : Spectre v2 / SpectreRSB mitigation: Filling RSB on context switch
[    2.341702] Speculative Store Bypass: Vulnerable
[    2.343496] SRBDS: Unknown: Dependent on hypervisor status
[    2.347697] MDS: Mitigation: Clear CPU buffers
[    2.354363] Freeing SMP alternatives memory: 36K
[    2.368725] ftrace: allocating 32339 entries in 127 pages
[    2.449801] smpboot: APIC(0) Converting physical 0 to logical package 0
[    2.451381] smpboot: Max logical packages: 1
[    2.458573] x2apic enabled
[    2.468135] Switched APIC routing to physical x2apic.
[    2.471230] ..TIMER: vector=0x30 apic1=0 pin1=2 apic2=-1 pin2=-1
[    2.588386] smpboot: CPU0: Intel(R) Core(TM) i5-5300U CPU @ 2.30GHz (family: 0x6, model: 0x3d, stepping: 0x4)
[    2.610482] Performance Events: unsupported p6 CPU model 61 no PMU driver, software events only.
[    2.625888] KVM setup paravirtual spinlock
[    2.631754] x86: Booting SMP configuration:
[    2.633139] .... node  #0, CPUs:      #1
[    2.646243] kvm-clock: cpu 1, msr 2:1ffed041, secondary cpu clock
[    2.667341] mce: CPU supports 0 MCE banks
[    2.680024]  #2
[    2.702306] kvm-clock: cpu 2, msr 2:1ffed081, secondary cpu clock
[    2.739412] mce: CPU supports 0 MCE banks
[    2.745220]  #3
[    2.751317] kvm-clock: cpu 3, msr 2:1ffed0c1, secondary cpu clock
[    2.781195] mce: CPU supports 0 MCE banks
[    2.784552] x86: Booted up 1 node, 4 CPUs
[    2.827232] smpboot: Total of 4 processors activated (18357.47 BogoMIPS)
[    2.832016] devtmpfs: initialized
[    2.836650] evm: security.selinux
[    2.839081] evm: security.SMACK64
[    2.840067] evm: security.SMACK64EXEC
[    2.841116] evm: security.SMACK64TRANSMUTE
[    2.843437] evm: security.SMACK64MMAP
[    2.844379] evm: security.ima
[    2.845215] evm: security.capability
[    2.846533] clocksource: jiffies: mask: 0xffffffff max_cycles: 0xffffffff, max_idle_ns: 7645041785100000 ns
[    2.848547] futex hash table entries: 1024 (order: 4, 65536 bytes)
[    2.851208] pinctrl core: initialized pinctrl subsystem
[    2.852426] RTC time: 12:03:32, date: 10/22/20
[    2.854705] NET: Registered protocol family 16
[    2.866410] cpuidle: using governor ladder
[    2.878614] cpuidle: using governor menu
[    2.882952] PCCT header not found.
[    2.891809] ACPI: bus type PCI registered
[    2.903400] acpiphp: ACPI Hot Plug PCI Controller Driver version: 0.5
[    2.915570] PCI: Using configuration type 1 for base access
[    2.935838] ACPI: Added _OSI(Module Device)
[    2.942649] ACPI: Added _OSI(Processor Device)
[    2.944192] ACPI: Added _OSI(3.0 _SCP Extensions)
[    2.945772] ACPI: Added _OSI(Processor Aggregator Device)
[    2.948650] ACPI: Executed 1 blocks of module-level executable AML code
[    2.958623] ACPI: Interpreter enabled
[    2.972976] ACPI: (supports S0 S5)
[    2.974006] ACPI: Using IOAPIC for interrupt routing
[    2.980814] PCI: Using host bridge windows from ACPI; if necessary, use "pci=nocrs" and report a bug
[    3.003127] ACPI: PCI Root Bridge [PCI0] (domain 0000 [bus 00-ff])
[    3.005092] acpi PNP0A03:00: _OSC: OS supports [ASPM ClockPM Segments MSI]
[    3.012720] acpi PNP0A03:00: _OSC: not requesting OS control; OS requires [ExtendedConfig ASPM ClockPM MSI]
[    3.028938] acpi PNP0A03:00: fail to add MMCONFIG information, can't access extended PCI configuration space under this bridge.
[    3.062384] PCI host bridge to bus 0000:00
[    3.081224] pci_bus 0000:00: root bus resource [io  0x0000-0x0cf7 window]
[    3.084386] pci_bus 0000:00: root bus resource [io  0x0d00-0xffff window]
[    3.097759] pci_bus 0000:00: root bus resource [mem 0x000a0000-0x000bffff window]
[    3.105742] pci_bus 0000:00: root bus resource [mem 0xe0000000-0xfdffffff window]
[    3.111147] pci_bus 0000:00: root bus resource [bus 00-ff]
[    3.153010] pci 0000:00:01.1: legacy IDE quirk: reg 0x10: [io  0x01f0-0x01f7]
[    3.222227] pci 0000:00:01.1: legacy IDE quirk: reg 0x14: [io  0x03f6]
[    3.247905] pci 0000:00:01.1: legacy IDE quirk: reg 0x18: [io  0x0170-0x0177]
[    3.249539] pci 0000:00:01.1: legacy IDE quirk: reg 0x1c: [io  0x0376]
[    3.595666] pci 0000:00:07.0: quirk: [io  0x4000-0x403f] claimed by PIIX4 ACPI
[    3.598689] pci 0000:00:07.0: quirk: [io  0x4100-0x410f] claimed by PIIX4 SMB
[    3.889767] ACPI: PCI Interrupt Link [LNKA] (IRQs 5 9 10 *11)
[    3.895804] ACPI: PCI Interrupt Link [LNKB] (IRQs 5 9 *10 11)
[    3.907435] ACPI: PCI Interrupt Link [LNKC] (IRQs 5 *9 10 11)
[    3.912434] ACPI: PCI Interrupt Link [LNKD] (IRQs 5 9 10 *11)
[    3.929037] ACPI: Enabled 2 GPEs in block 00 to 07
[    3.937454] vgaarb: setting as boot device: PCI:0000:00:02.0
[    3.945152] vgaarb: device added: PCI:0000:00:02.0,decodes=io+mem,owns=io+mem,locks=none
[    3.956225] vgaarb: loaded
[    3.962724] vgaarb: bridge control possible 0000:00:02.0
[    3.975684] SCSI subsystem initialized
[    3.983798] ACPI: bus type USB registered
[    4.011932] usbcore: registered new interface driver usbfs
[    4.028865] usbcore: registered new interface driver hub
[    4.030218] usbcore: registered new device driver usb
[    4.032486] PCI: Using ACPI for IRQ routing
[    4.040972] NetLabel: Initializing
[    4.048067] NetLabel:  domain hash size = 128
[    4.050351] NetLabel:  protocols = UNLABELED CIPSOv4
[    4.065598] NetLabel:  unlabeled traffic allowed by default
[    4.074388] amd_nb: Cannot enumerate AMD northbridges
[    4.089906] clocksource: Switched to clocksource kvm-clock
[    4.112707] AppArmor: AppArmor Filesystem Enabled
[    4.114139] pnp: PnP ACPI init
[    4.115677] pnp: PnP ACI: found 3 devices
[    4.153349] clocksource: acpi_pm:mask: 0xffffff max_cycles: 0xffffff,ax_idle_ns: 2085701024 ns
[    4.245359] NET: Registered protocol family 2
[    4.247380] TCP established hash ble entries: 65536 (order: 7, 524288 bytes)
[    4.315273] TCP bind hash table entries: 65536 (order: 8, 1048576 bytes)
[    4.318665] TCP: Hash tables configured (established 65536 bind 65536)
[    4.322357] UDP hash table entries: 4096 rdr: 5, 110 bytes)
[    4.499756] UDP-Lite hash table entries: 4096 order: 5, 131072 bytes)
[    4.533249] NET: Registered protocol family 1
[    4.543010] pci 0000:00:00.0: Limiting direct PCI/PCI transfers
[    4.544703] pci 0000:00:01.0: Activating ISA DMA hang workarounds
[    4.546752] Unpacking initramfs...
[    4.813293] Freeing initrd memory: 14884K
[    4.814712] PCI-DMA: Using software bounce buffering for IO (SWIOTLB)
[    4.836503] software IO TLB: mapped [mem 0xdbff0000-0xdfff0000] (64MB)
[    4.872406] RAPL PMU detected, API unit is 2^-32 Joules, 4 fixed counters 10737418240 ms ovfl timer
[    4.886135] hw unit of domain pp0-core 2^-0 Joules
[    4.887345] hw unit of domain package 2^-0 Joules
[    4.896113] hw unit of domain dram 2^-0 Joules
[    4.907770] hw unit of domain pp1-gpu 2^-0 Joules
[    4.917865] clocksource: tsc: mask: 0xffffffffffffffff max_cycles: 0x21139776891, max_idle_ns: 440795250948 ns
[    4.925531] platform rtc_cmos: registered platform RTC device (no PNP device found)
[    4.927286] Scanning for low memory corruption every 60 seconds
[    4.934688]audit: initializing netlink subsys (disabled)
[    4.4018] audit: typ=200 audit(1603368221.112:1): initialized
[    5.092572] Initiise systemrusted keyring
[    5.211274] HugeTLB registered 2 MB page size, pre-allocated 0 pages
[    5.215582] zbud: loaded
[    5.217479] VFS: Dk quots dquot_6.6.0
[    5.306362] VFS: Dquot-cache hash table entrs: 512 (order 0, 4096 bytes)
[    5.366513] squashfs version 4.0 (2009/01/31) Phillip Lougher

[    5.396374] fuse init (API version 7.23)
[    5.414184] Key type big_key registered
[   5.430757] Allocating IMA MOK and blacklist keyrings.

[    5.482694] Key type asymmetric registered
[    5.483951] Asymmetric key parser 'x509' registered
[    5.494244] Block layer SCSI generic (bsg) driver version 0.4 loaded (major 249)
[    5.512265] io scheduler noop registered
[    5.526753] io scheduler deadline registered (default)
[    5.537938] io scheduler cfq registered
[    5.541532] pci_hotplug: PCI Hot Plug PCI Core version: 0.5
[    5.547075] pciehp: PCI Express Hot Plug Controller Driver version: 0.4
[    5.550707] ACPI: AC Adapter [AC] (on-line)
[    5.553829] input: Power Button as /devices/LNXSYSTM:00/LNXPWRBN:00/input/input0
[    5.562483] ACPI: Power Button [PWRF]
[    5.580668] input: Sleep Button as /devices/LNXSYSTM:00/LNXSLPBN:00/input/input1
[    5.599410] ACPI: Sleep Button [SLPF]
[    5.627170] GHES: HEST is not enabled!
[    5.629271] ACPI: Battery Slot [BAT0] (battery present)
[    5.708146] Serial: 8250/16550 driver, 32 ports, IRQ sharing enabled
[    754486 00:02: ttyS0 at I/O 0x3f8 (irq =, base_baud = 115200) is a 16550A
[   5.920569] Linux agpgart inerface v0.103

[    5.995101] loop: module loaded
[    5.998532] scsi host0: ata_piix
[    5.999559] scsi host1: ata_piix
[    6.003345] ata1: PATA max UDMA/33 cmd 0x1f0 ctl 0x3f6 bmma 0xd000 irq 14
[    6.042324] ata2: PATA maxUDM/33 cmd 0x170 l 0x376 bmma 0xd008 irq 15

[    6.190413] libphy: Fixed MDIO Bus: probed
[    6.196942] tun: Universal TUN/TAP device driver, 1.6
[    6.199271] tun: (C) 1999-2004 Max Krasnyansky <maxk@qualcomm.com>
[    6.200626] PPP generic driver version 2.4.2
[   6.202025] ehci_hcd: USB 2.0 'Enhanced' Host Controller (EHCI) Driver
[    6.233287] ehci-pci: EHCI PCI platform driver
[  6.234952] ehci-platform: EHCI generic platform driver
[    6.295102] ohci_hcd: USB 1.1 'Open' Host Controller (OHCI) Driver
[    6.296583] ohci-pci: OHCI PCI platform driver
[   6.297608] ohci-platform: OHCI generic platform driver
[    6.323484] uhci_hcd: USB Universal Host Controller Interface driver
[    6.325323] i8042: PNP: PS/2 Controller [PNP0303:PS2K,PNP0f03:PS2M] at 0x60,0x64 irq 1,12
[    6.327799] serio: i8042 KBD port at 0x60,0x64 irq 1
[    6.328794] serio: i8042 AUX port at 0x60,0x64 irq 12
[    6.330125] mousedev: PS/2 mouse device common for all mice
[    6.353447] input: AT Translated Set 2 keyboard as /devices/platform/i8042/serio0/input/input2
[    6.365197] rtc_cmos rtc_cmos: rtc core: registered rtc_cmos as rtc0
[    6.394428] rtc_cmos rtc_cmos: alarms up to one day, 114 bytes nvram
[    6.395765] i2c /dev entries driver
[    6.396677] device-mapper: uevent: version 1.0.3
[    6.404325] device-mapper: ioctl: 4.34.0-ioctl (2015-10-28) initialised: dm-devel@redhat.com
[    6.427429] ledtrig-cpu: registered to indicate activity on CPUs
[    6.429812] NET: Registered protocol family 10
[    6.431768] NET: Registered protocol family 17
[    6.452952] Key type dns_resolver registered
[    6.493755] registered taskstats version 1
[    6.509637] Loading compiled-in X.509 certificates
[    6.513518] Loaded X.509 cert 'Build time autogenerated kernel key: b89e9ea735e1dbde81c7786f041ecf1d53e71c2e'
[    6.525202] zswap: loaded using pool lzo/zbud
[    6.558320] Key type trusted registered
[    6.590815] Key type encrypted registered
[    6.592261] AppArmor: AppArmor sha1 policy hashing enabled
[    6.662659] ima: No TPM chip found, activating TPM-bypass!
[    6.664264] ima: Allocated hash algorithm: sha1
[    6.682836] evm: HMAC attrs: 0x1
[    6.735206]   Magic number: 8:463:77
[    6.787126] rtc_cmos rtc_cmos: setting system clock to 2020-10-22 12:03:36 UTC (1603368216)
[    6.952140] BIOS EDD facility v0.16 2004-Jun-25, 0 devices found
[    7.082699] EDD information not available.
[    7.086447] Freeing unused kernel memory: 1492K
[    7.113219] Write protecting the kernel read-only data: 14336k
[    7.125575] Freeing unused kernel memory: 1592K
[    7.173828] Freeing unused kernel memory: 56K
Loading, please wait...
starting version 229
[    7.259139] random: systemd-udevd: uninitialized urandom read (16 bytes read, 5 bits of entropy available)
[    7.265211] random: udevadm: uninitialized urandom read (16 bytes read, 5 bits of entropy available)
[    7.265703] random: udevadm: uninitialized urandom read (16 bytes read, 5 bits of entropy available)
[    7.306339] random: udevadm: uninitialized urandom read (16 bytes read, 5 bits of entropy available)
[    7.306507] random: udevadm: uninitialized urandom read (16 bytes read, 5 bits of entropy available)
[    7.307331] random: udevadm: uninitialized urandom read (16 bytes read, 5 bits of entropy available)
[    7.307571] random: udevadm: uninitialized urandom read (16 bytes read, 5 bits of entropy available)
[    7.307754] random: udevadm: uninitialized urandom read (16 bytes read, 5 bits of entropy available)
[    7.307891] random: udevadm: uninitialized urandom read (16 bytes read, 5 bits of entropy available)
[    7.308012] random: udevadm: uninitialized urandom read (16 bytes read, 5 bits of entropy available)
[    7.741166] e1000: Intel(R) PRO/1000 Network Driver - version 7.3.21-k8-NAPI
[    7.745543] e1000: Copyright (c) 1999-2006 Intel Corporation.
[    7.775578] Fusion MPT base driver 3.04.20
[    7.777194] Copyright (c) 1999-2008 LSI Corporation
[    7.866296] Fusion MPT SPI Host driver 3.04.20
[    7.899798] AVX2 version of gcm_enc/dec engaged.
[    7.946003] AES CTR mode by8 optimization enabled
[    8.007217] input: ImExPS/2 Generic Explorer Mouse as /devices/platform/i8042/serio1/input/input4
[    8.665555] e1000 0000:00:03.0 eth0: (PCI:33MHz:32-bit) 02:4a:be:78:5a:c7
[    8.667774] e1000 0000:00:03.0 eth0: Intel(R) PRO/1000 Network Connection
[    9.460486] e1000 0000:00:08.0 eth1: (PCI:33MHz:32-bit) 08:00:27:5d:9e:6e
[    9.616695] e1000 0000:00:08.0 eth1: Intel(R) PRO/1000 Network Connection
[    9.620912] mptbase: ioc0: Initiating bringup
[    9.621795] e1000 0000:00:03.0 enp0s3: renamed from eth0
[    9.655117] e1000 0000:00:08.0 enp0s8: renamed from eth1
[    9.709476] ioc0: LSI53C1030 A0: Capabilities={Initiator}
[    9.905157] scsi host2: ioc0: LSI53C1030 A0, FwRev=00000000h, Ports=1, MaxQ=256, IRQ=20
[   10.045048] scsi 2:0:0:0: Direct-Access     VBOX     HARDDISK         1.0  PQ: 0 ANSI: 5
[   10.074501] scsi target2:0:0: Beginning Domain Validation
[   10.430201] scsi target2:0:0: Domain Validation skipping write tests
[   10.432014] scsi target2:0:0: Ending Domain Validation
[   10.544942] scsi target2:0:0: asynchronous
[   10.758982] scsi 2:0:1:0: Direct-Access     VBOX     HARDDISK         1.0  PQ: 0 ANSI: 5
[   10.914254] scsi target2:0:1: Beginning Domain Validation
[   10.930547] scsi target2:0:1: Domain Validation skipping write tests
[   11.193768] scsi target2:0:1: Ending Domain Validation
[   11.225644] scsi target2:0:1: asynchronous
[   11.291449] sd 2:0:0:0: Attached scsi generic sg0 type 0
[   11.300316] sd 2:0:0:0: [sda] 20971520 512-byte logical blocks: (10.7 GB/10.0 GiB)
[   11.300948] sd 2:0:1:0: [sdb] 20480 512-byte logical blocks: (10.5 MB/10.0 MiB)
[   11.301329] sd 2:0:1:0: [sdb] Write Protect is off
[   11.301523] sd 2:0:1:0: [sdb] Incomplete mode parameter data
[   11.301524] sd 2:0:1:0: [sdb] Assuming drive cache: write through
[   11.304462] sd 2:0:1:0: Attached scsi generic sg1 type 0
[   11.355667] sd 2:0:1:0: [sdb] Attached SCSI disk
[   11.382759] sd 2:0:0:0: [sda] Write Protect is off
[   11.412881] sd 2:0:0:0: [sda] Incomplete mode parameter data
[   11.414291] sd 2:0:0:0: [sda] Assuming drive cache: write through
[   11.426284]  sda: sda1
[   11.429582] sd 2:0:0:0: [sda] Attached SCSI disk
Begin: Loading e[   13.343766] md: linear personality registered for level -1
ssential drivers ... [   13.370617] md: multipath personality registered for level -4
[   13.401019] md: raid0 personality registered for level 0
[   13.432320] md: raid1 personality registered for level 1
[   13.557335] raid6: sse2x1   gen()  3217 MB/s
[   13.625522] raid6: sse2x1   xor()  4446 MB/s
[   13.697253] raid6: sse2x2   gen()  4948 MB/s
[   13.765312] raid6: sse2x2   xor()  4513 MB/s
[   13.833274] raid6: sse2x4   gen() 10498 MB/s
[   13.901238] raid6: sse2x4   xor()  3928 MB/s
[   13.973385] raid6: avx2x1   gen()  8889 MB/s
[   14.045086] raid6: avx2x2   gen() 13116 MB/s
[   14.121588] raid6: avx2x4   gen() 11415 MB/s
[   14.132528] raid6: using algorithm avx2x2 gen() 13116 MB/s
[   14.135571] raid6: using avx2x2 recovery algorithm
[   14.152903] xor: automatically using best checksumming function:
[   14.217197]    avx       : 19875.000 MB/sec
[   14.220889] async_tx: api initialized (async)
[   14.283802] md: raid6 personality registered for level 6
[   14.298461] md: raid5 personality registered for level 5
[   14.317572] md: raid4 personality registered for level 4
[   14.365982] md: raid10 personality registered for level 10
done.
Begin: Running /scripts/init-premount ... done.
Begin: Mounting root file system ... Begin: Running /scripts/[   14.535289] Btrfs loaded
local-top ... done.
Begin: Running /scripts/local-premount ... Scanning for Btrfs filesystems
done.
Warning: fsck not present, so skipping root file system
[   14.759046] EXT4-fs (sda1): mounted filesystem with ordered data mode. Opts: (null)
done.
Begin: Running /scripts/local-bottom ... done.
Begin: Running /scripts/init-bottom ... done.
[   15.391299] random: nonblocking pool is initialized
[   16.578119] systemd[1]: systemd 229 running in system mode. (+PAM +AUDIT +SELINUX +IMA +APPARMOR +SMACK +SYSVINIT +UTMP +LIBCRYPTSETUP +GCRYPT +GNUTLS +ACL +XZ -LZ4 +SECCOMP +BLKID +ELFUTILS +KMOD -IDN)
[  16.584948] systemd[1]: Detected virtualization oracle.
[   16.616269] systemd[1]: Detected architecture x86-64.


Welcome to [1mUbuntu 16.04.7 LTS[0m!

[   16.744124] systemd[1]: Set hostname to <ubuntu>.
[   16.28042] systemd[1]: Initializing machine ID from random generator.
[   16.911339] systemd[1]: Installed transient /etc/machine-id file.
[   19.811014] systemd[1]: Reached target System Time Synchroned.
[[0;32m  OK  [0m] Reached target System Time Synchronized.
[   19.901903] systemd[1]: Reached target User and Group Name Lookups.
[[0;32m  OK  [0m] Reached target User and Group Name Lookups.
[   19.908840] systemd[1]: Listening on Syslog Socket.
[[0;32m  OK  [0m] Listening on Syslog Socket.
[   19.911018] systemd[1]: Listening on /dev/initctl Compatibility Named Pipe.
[[0;32m  OK  [0m] Listening on /dev/initctl Compatibility Named Pipe.
[   20.568376] sytemd[1]: Set up automount Arbitrary Executable File Formats File System Automount Pont.
[[0;32m  OK  [0m] Set up automount Arbitrary Executab...ats File System Automount Point.
[   20.966968] systemd[]: Reached target Encrypted Volumes. [[0;32m  OK  [0m] Reached target Encrypted Volumes.
[   21.444011] systemd[1]: Listening on Device-mapper event daemon FOs.
[[0;32m  OK  [0m] Listening on Device-mapper event daemon FIFOs.
[   21.599409] systmd[1]: istening n udev Ctrol Socket.
[[0;32m  OK  [0m] Listening on udev Control Socket.
[   21.81281] systemd[1]: Started Triggr resolvconf update for networkd DNS.
[[0;32m  OK  [0m] Started Trigger resolvconf update for networkd DNS.
[  22.06165] sstemd[1]: Listening on LVM2 metadata daemon socket.
[[0;32m  OK  [0m] Listening on LVM2 metadata daemon socket.
[   22.540046] stemd1]: Created slice System Slice.
[[0;32m  OK  [0m] Created slice System Slice.
[   22.626250] systemd[1]: Create slice sysem-serialx2dgetty.slice.
[[0;32m  OK  [0m] Created slice system-serial\x2dgetty.slice.
[   22.993457] systemd[1]: Listening on udev Kernel Socket.
[[0;32m  OK  [0m] Listening on udev Kernel Socket.
[   23.037946] systemd[1]: Started Forward Password Requests to Wall Dectory Watch.
[[0;32m  OK  [0m] Started Forward Password Requests to Wall Directory Watch.
[   23.255177] systemd[1]: Listening on LVM2 poll daemon socket.
[[0;32m  OK  [0m] Listening on LVM2 poll daemon socket.
[   23.517433] system[1]: Reached target Swap.
[[0;32m  OK  [0m] Reached target Swap.
[  23.853605] systemd[1]: Listening on Journal Socket (/dev/log).
[[0;32m  OK  [0m] Listening on Journal Socket (/dev/log).
[   23.912135] systemd[1]Created slice User and Session Slice.
[[0;32m  OK  [0m] Created slice User and Session Slice.
[   24.613450] systemd[1]: Reached target Slices.
[[0;32m  OK  [0m] Reached target Slices.
[   24.90707] systemd[1]: Listening on Journal Audit Socket.
[[0;32m  OK  [0m] Listening on Journal Audit Socket.
[   24.968406] systemd[1]: Listening n Jrnal Socket. [[0;32m  OK  [0m] Listening on Journal Socket.
[   25.453825] systemd[1]: Starting Set console keymap...
         Starting Set console keymap...
[   25.513357] systemd[1]: Mounting Huge Pages File System...
         Mounting Huge Pages File System...
[   25.520329] systemd[1]: Starting Remount Root and Kernel File Systems...
         Starting Remount Root and Kernel File Systems...
[   25.572346] systemd[1]: Starting Nameserver information manager...
         Starting Nameserver information manager...
[   25.595827] systemd[1]: Starting Monitoring of LVM2 mirrors, snapshots etc. using dmeventd or progress polling...
         Starting Monitoring of LVM2 mirrors... dmeventd or progress polling...
[   25.666767] EXT4-fs (sda1): re-mounted. Opts: (null)
[   25.672438] systemd[1]: Mounting POSIX Message Queue File System...
         Mounting POSIX Message Queue File System...
[   25.728480] systemd[1]: Starting Create list of required static device nodes for the current kernel...
         Starting Create list of required st... nodes for the current kernel...
[   25.843185] systemd[1]: Starting Uncomplicated firewall...
         Starting Uncomplicated firewall...
[   25.852327] systemd[1]: Mounting Debug File System...
         Mounting Debug File System...
[   26.025412] systemd[1]: Starting Load Kernel Modules...
         Starting Load Kernel Modules...
[   26.072497] systemd[1]: Starting Journal Service...
         Starting Journal Service...
[   26.119351] systemd[1]: Mntd POSIX Message Queue File System.

[[0;32m  OK  [0m] Mounted POSIX Message Queue File System.
[   26.216869] systemd[1]: Mounted Huge Pages File System.
[[0;32m  OK  [0m] Mounted Huge Pages File System.
[   26.234535] systemd[1]: Mounted Debug File System.
[[0;32m  OK  [0m] Mounted Debug File System.
[   26.271530] systemd[1]: Started Set console keymap.
[[0;32m  OK  [0m] Started Set console keymap.
[   26.298336] systemd[1]: Started Remount Root and Kernel File Systems.
[[0;32m  OK  [0m] Started Remount Root and Kernel File Systems.
[   26.344975] systemd[1]: Started Create list of required static device nodes for the current kernel.
[[0;32m  OK  [0m] Started Crea[   26.383121] Loading iSCSI transport class v2.0-870.
te list of required sta...ce nodes for the current kernel.
[   26.410549] systemd[1]: Started Uncomplicated firewall.
[[0;32m  OK  [0m] Started Uncomplicated firewall.
[   26.450517] systemd[1]: Started Nameserver information manager.
[[0;32m  OK  [0m] Started Nameserver information manager.
[   26.563921] iscsi: registered transport (tcp)
[   26.605590] systemd[1]: Started LVM2 metadata daemon.
[[0;32m  OK  [0m] Started LVM2 metadata daemon.
[   26.721840] systemd[1]: Starting Create Static Device Nodes in /dev...
         Starting Create Static Device Nodes in /dev...
[   26.798386] systemd[1]: Starting Load/Save Random Seed...
         Starting Load/Save Random Seed...
[   26.870755] systemd[1]: Starting udev Coldplug all Devices...
         Starting udev Coldplug all Devices...
[   26.892894] systemd[1]: Started Journal Service.
[[0;32m  OK  [0m] Started Journal Service.
         Starting Flush Journal to Persistent Storage...
[[0;32m  OK  [0m] Started Load/Save Random Seed.
[  27.108448] systemd-journald[423]: Received request to flush runtime journal from PID 1
[   27.174167] iscsi: registered transport (iser)
[[0;32m  OK  [0m] Started Load Kernel Modules.
[[0;32m  OK  [0m] Started Flush Journal to Persistent Storage.
[[0;32m  OK  [0m] Started udev Coldplug all Devices.
         Starting Apply Kernel Variables...
         Mounting FUSE Control File System...
[[0;32m  OK  [0m] Mounted FUSE Control File System.
[[0;32m  OK  [0m] Started Monitoring of LVM2 mirrors,...ng dmeventd or progress polling.
[[0;32m  OK  [0m] Started Apply Kernel Variables.
[[0;32m  OK  [0m] Started Create Static Device Nodes in /dev.
         Starting udev Kernel Device Manager...
[[0;32m  OK  [0m] Reached target Local File Systems (Pre).
[[0;32m  OK  [0m] Reached target Local File Systems.
         Starting Create Volatile Files and Directories...
         Starting Set console font and keymap...
         Starting Initial cloud-init job (pre-networking)...
         Starting LSB: AppArmor initialization...
         Starting Commit a transient machine-id on disk...
         Starting Tell Plymouth To Write Out Runtime Data...
[[0;32m  OK  [0m] Started Create Volatile Files and Directories.
         Starting Update UTMP about System Boot/Shutdown...
[[0;32m  OK  [0m] Started Commit a transient machine-id on disk.
[[0;32m  OK  [0m] Started Tell Plymouth To Write Out Runtime Data.
[[0;32m  OK  [0m] Started Update UTMP about System Boot/Shutdown.
[[0;32m  OK  [0m] Started Set console font and keymap.
[[0;32m  OK  [0m] Created slice system-getty.slice.
[[0;32m  OK  [0m] Started udev Kernel Device Manager.
[[0;32m  OK  [0m] Started Dispatch Password Requests to Console Directory Watch.
[[0;32m  OK  [0m] Found device /dev/ttyS0.
[[0;32m  OK  [0m] Listening on Load/Save RF Kill Switch Status /dev/rfkill Watch.
[[0;32m  OK  [0m] Started LSB: AppArmor initialization.
         Starting Load AppArmor profiles managed internally by snapd...
[[0;32m  OK  [0m] Started Load AppArmor profiles managed internally by snapd.
[   38.248187] cloud-init[494]: Cloud-init v. 20.3-2-g371b392c-0ubuntu1~16.04.1 running 'init-local' at Thu, 22 Oct 2020 12:04:08 +0000. Up 36.14 seconds.
[[0;32m  OK  [0m] Started Initial cloud-init job (pre-networking).
[[0;32m  OK  [0m] Reached target Network (Pre).
         Starting Raise network interfaces...
[[0;32m  OK  [0m] Started Raise network interfaces.
         Starting Initial cloud-init job (metadata service crawler)...
[[0;32m  OK  [0m] Reached target Network.
[   44.981467] cloud-init[989]: Cloud-init v. 20.3-2-g371b392c-0ubuntu1~16.04.1 running 'init' at Thu, 22 Oct 2020 12:04:13 +0000. Up 40.69 seconds.
[   45.168681] [cloud-init[0;32m  OK  [0m[989]: ] ci-info: ++++++++++++++++++++++++++++++++++++++Net device info+++++++++++++++++++++++++++++++++++++++Started Initial cloud-init job (metadata service crawler).

[[   45.169259] [0;32m  OK  [0mcloud-init] [989]: Reached target Cloud-config availability.ci-info: +--------+-------+----------------------------+---------------+--------+-------------------+

[   45.833494] [cloud-init[0;32m  OK  [0m[989]: ] ci-info: | Device |   Up  |          Address           |      Mask     | Scope  |     Hw-Address    |
Reached target Network is Online.
[   45.834328] cloud-init[989]: ci-info: +--------+-------+----------------------------+---------------+--------+-------------------+
[   46.316451]          cloud-initStarting iSCSI initiator daemon (iscsid)...[989]: 
ci-info: | enp0s3 |  True |         10.0.2.15          | 255.255.255.0 | global | 02:4a:be:78:5a:c7 |
[   46.597654] cloud-init[989]: ci-info: | enp0s3 |  True | fe80::4a:beff:fe78:5ac7/64 |       .       |  link  | 02:4a:be:78:5a:c7 |
[[0;32m  OK  [0m] Reached target System Initialization.
[[   46.600811] [0;32m  OK  [0mcloud-init] [989]: Started Daily Cleanup of Temporary Directories.ci-info: | enp0s8 | False |             .              |       .       |   .    | 08:00:27:5d:9e:6e |

[   47.049460] [cloud-init[0;32m  OK  [0m[989]: ] ci-info: |   lo   |  True |         127.0.0.1          |   255.0.0.0   |  host  |         .         |Started ACPI Events Check.

[   47.169549] [cloud-init[0;32m  OK  [0m[989]: ] ci-info: |   lo   |  True |          ::1/128           |       .       |  host  |         .         |Reached target Paths.

[[   47.169956] [0;32m  OK  [0mcloud-init] [989]: Listening on D-Bus System Message Bus Socket.ci-info: +--------+-------+----------------------------+---------------+--------+-------------------+

[   47.538012] [cloud-init[0;32m  OK  [0m[989]: ] ci-info: +++++++++++++++++++++++++++Route IPv4 info++++++++++++++++++++++++++++Started Message of the Day.

[   47.723044] [cloud-init[0;32m  OK  [0m[989]: ] ci-info: +-------+-------------+----------+---------------+-----------+-------+Started Daily apt download activities.

[   47.896512] [cloud-init[0;32m  OK  [0m[989]: ] ci-info: | Route | Destination | Gateway  |    Genmask    | Interface | Flags |Started Daily apt upgrade and clean activities.

[   47.896820] cloud-init[989]: ci-info: +-------+-------------+----------+---------------+-----------+-------+
         Starting Socket activation for snappy daemon.
[[   48.052495] [0;32m  OK  [0mcloud-init] [989]: Listening on UUID daemon activation socket.ci-info: |   0   |   0.0.0.0   | 10.0.2.2 |    0.0.0.0    |   enp0s3  |   UG  |

[   48.398890] [cloud-init[0;32m  OK  [0m[989]: ] ci-info: |   1   |   10.0.2.0  | 0.0.0.0  | 255.255.255.0 |   enp0s3  |   U   |Reached target Timers.

[[   48.399337] [0;32m  OK  [0mcloud-init] [989]: Listening on ACPID Listen Socket.ci-info: +-------+-------------+----------+---------------+-----------+-------+

[   48.646656]          cloud-initStarting LXD - unix socket.[989]: 
ci-info: +++++++++++++++++++Route IPv6 info+++++++++++++++++++
[   48.647988] cloud-init[989]: ci-info: +-------+-------------+---------+-----------+-------+
[   48.729772] [[0;32m  OK  [0m] Listening on Socket activation for snappy daemon.
cloud-init[989]: ci-info: | Route | Destination | Gateway | Interface | Flags |
[   48.788511] cloud-init[989]: ci-info: +-------+-------------+---------+-----------+-------+
[   48.800186] [cloud-init[0;32m  OK  [0m[989]: ] ci-info: |   0   |  fe80::/64  |    ::   |   enp0s3  |   U   |Listening on LXD - unix socket.

[[0;32m  OK  [0m] Reached target Sockets.
[[0;32m  OK  [0m] Reached target Basic System.
[   48.827681] cloud-init[989]: ci-info: |   3   |   ff00::/8  |    ::   |   enp0s3  |   U   |
[   48.897168] cloud-init[989]: ci-info: +-------+-------------+---------+-----------+-------+
[   48.901558] cloud-init[989]: Generating public/private rsa key pair.
[   48.940712] cloud-init[989]: Your identification has been saved in /etc/ssh/ssh_host_rsa_key.
[[0;32m  OK  [0m] Started Regular background program processing daemon.
[   49.002852] cloud-init[989]: Your public key has been saved in /etc/ssh/ssh_host_rsa_key.pub.
[   49.041682] [cloud-init[0;32m  OK  [0m[989]: ] The key fingerprint is:Started D-Bus System Message Bus.

[   49.079397] cloud-init[989]: SHA256:E/eEK+iSkQUk3x1grABTfPosLAGadVunVcN6NkNMpXo root@ubuntu-xenial
[   49.086379] cloud-init[989]: The key's randomart image is:
[   49.104556] cloud-init[989]: +---[RSA 2048]----+
[   49.149304] cloud-init[989]: |o+o.o.o..=+..    |
[   49.184718] cloud-init[989]: |..+oo+o.o.++     |
[   49.236848] cloud-init[989]: |oo =.+o+oo+ .    |
[   49.265383] cloud-init[989]: |+ . oo...+=+     |
[   49.288730] cloud-init[989]: | o oo . SoEo.    |
[   49.337115] cloud-init[989]: |. o o+   +       |
[   49.389426] cloud-init[989]: | . .o .          |
[   49.408599] cloud-init[989]: |     .           |
[   49.440898] cloud-init[989]: |                 |
[   49.482802] cloud-init[989]: +----[SHA256]-----+
[   49.506072] cloud-init[989]: Generating public/private dsa key pair.
[   49.518444] cloud-init[989]: Your identification has been saved in /etc/ssh/ssh_host_dsa_key.
[   49.584556] cloud-init[989]: Your public key has been saved in /etc/ssh/ssh_host_dsa_key.pub.
[   49.608870] cloud-init[989]: The key fingerprint is:
[   49.651216] cloud-init[989]: SHA256:M8uW01OcIr/qqVU4nJG0V1LqtVXXSjQXM5OhSNen4Uc root@ubuntu-xenial
[   49.687553] cloud-init[989]: The key's randomart image is:
[   49.714380] cloud-init[989]: +---[DSA 1024]----+
[   49.733771] cloud-init[989]: |        . .ooo+*O|
[   49.736046] cloud-init[989]: |       . o.+o +*E|
[   49.767125] cloud-init[989]: |        + o..+.=.|
[   49.784482] cloud-init[989]: |       . * o ++ .|
[   49.799895] cloud-init[989]: |        S + =  . |
[   49.814121] cloud-init[989]: |       . @ o     |
[   49.832590] cloud-init[989]: |        B +      |
[   49.853478] cloud-init[989]: |       o o o     |
[[0;32m  OK  [0m] Started Deferred execution scheduler.
[   49.854567] cloud-init[989]: |      .o+..      |
[   49.932472] cloud-init[989]: +----[SHA256]-----+
[   49.935842] cloud-init[989]: Generating public/private ecdsa key pair.
[   49.953289] cloud-init[989]: Your identification has been saved in /etc/ssh/ssh_host_ecdsa_key.
[   49.973039] [cloud-init[0;32m  OK  [0m[989]: ] Your public key has been saved in /etc/ssh/ssh_host_ecdsa_key.pub.Started ACPI event daemon.

[   49.973734] cloud-init[989]: The key fingerprint is:
[   50.008331] cloud-init[989]: SHA256:Ep0N77J1RqLBtnD6VM2DemXIW3Hetu1jrF/IHYkTaa4 root@ubuntu-xenial
[   50.046943]          cloud-initStarting Login Service...[989]: 
The key's randomart image is:
[   50.064211]          Starting System Logging Service...
cloud-init[989]: +---[ECDSA 256]---+
[   50.084366]          cloud-initStarting /etc/rc.local Compatibility...
[989]: |        .   . .  |
[[0;32m  OK  [0m] Started FUSE filesystem for LXC.
[   50.103810] cloud-init[989]: |       o * = +.. |
[   50.149952] cloud-init[989]: |      o B O O+. o|
[   50.200663]          Starting Snap Daemon...
cloud-init[989]: |       * B Bo.o.+|
[   50.237084] cloud-init[989]: |      o S = o+ +.|
[   50.243886] cloud-init[989]: |       + = o..o+.|
[   50.244301] cloud-init[989]: |        o  E  o++|
[   50.244513] cloud-init[989]: |              o o|
[   50.245073] cloud-init[989]: |             ... |
[   50.245298] cloud-init[989]: +----[SHA256]-----+
[   50.245450] cloud-init[989]: Generating public/private ed25519 key pair.
[   50.245614] cloud-init[989]: Your identification has been saved in /etc/ssh/ssh_host_ed25519_key.
[   50.245834] cloud-init[989]: Your public key has been saved in /etc/ssh/ssh_host_ed25519_key.pub.
[   50.246005] cloud-init[989]: The key fingerprint is:
[   50.246235] cloud-init[989]: SHA256:EcJ1OAV4aWMuMhVyHgfD2UzWKCATFmuSHuJLccuiwQA root@ubuntu-xenial
[   50.246416] cloud-init[989]: The key's randomart image is:
[   50.246599] cloud-init[989]: +--[ED25519 256]--+
[   50.246808] cloud-init[989]: |E *oo+BXBBo      |
[   50.246904] cloud-init[989]: |.o + +B*%o.      |
[   50.249860] cloud-init[989]: |=oo. ..*.o       |
         Starting LXD - container startup/shutdown...
[   50.256185] cloud-init[989]: |*o= + . ..       |
         Starting LSB: MD monitoring daemon...
[   50.792506] cloud-init[989]: |.* o o .S        |
[   50.799098] cloud-init[989]: |o.o              |
[   50.808952] cloud-init[989]: |..               |
[   50.819574]          cloud-initStarting Virtualbox guest utils...[989]: 
|                 |
[   50.886295] cloud-init[989]: |                 |
[   50.896232] cloud-init[989]: +----[SHA256]-----+
         Starting Accounts Service...
         Starting Pollinate to seed the pseudo random number generator...
         Starting LSB: Record successful boot for GRUB...
[[0;32m  OK  [0m] Started System Logging Service.
[[0;32m  OK  [0m] Started iSCSI initiator daemon (iscsid).
[[0;32m  OK  [0m] Started /etc/rc.local Compatibility.
         Starting Login to default iSCSI targets...
[[0;32m  OK  [0m] Started Login Service.
[[0;32m  OK  [0m] Started Unattended Upgrades Shutdown.
[[0;32m  OK  [0m] Started LSB: MD monitoring daemon.
[[0;32m  OK  [0m] Started LSB: Record successful boot for GRUB.
[[0;32m  OK  [0m] Started Login to default iSCSI targets.
[[0;32m  OK  [0m] Reached target Remote File Systems (Pre).
[[0;32m  OK  [0m] Reached target Remote File Systems.
         Starting LSB: daemon to balance interrupts for SMP systems...
         Starting LSB: automatic crash report generation...
         Starting Permit User Sessions...
         Starting LSB: Set the CPU Frequency Scaling governor to "ondemand"...
[[0;32m  OK  [0m] Started LSB: Set the CPU Frequency Scaling governor to "ondemand".
[[0;32m  OK  [0m] Started Permit User Sessions.
[[0;32m  OK  [0m] Started LSB: automatic crash report generation.
         Starting Hold until boot process finishes up...
         Starting Terminate Plymouth Boot Screen...
[[0;32m  OK  [0m] Started LSB: daemon to balance interrupts for SMP systems.
[[0;32m  OK  [0m] Started Hold until boot process finishes up.
[[0;32m  OK  [0m] Started Terminate Plymouth Boot Screen.
[[0;32m  OK  [0m] Started Getty on tty1.
         Starting Set console scheme...
[[0;32m  OK  [0m] Started Serial Getty on ttyS0.
[[0;32m  OK  [0m] Reached target Login Prompts.
[[0;32m  OK  [0m] Started Set console scheme.
[[0;32m  OK  [0m] Started Virtualbox guest utils.
         Starting Authenticate and Authorize Users to Run Privileged Tasks...
[[0;32m  OK  [0m] Started Authenticate and Authorize Users to Run Privileged Tasks.
[[0;32m  OK  [0m] Started Accounts Service.
[[0;32m  OK  [0m] Started Pollinate to seed the pseudo random number generator.
         Starting OpenBSD Secure Shell server...
[[0;32m  OK  [0m] Started LXD - container startup/shutdown.
[[0;32m  OK  [0m] Started OpenBSD Secure Shell server.
[[0;32m  OK  [0m] Started Snap Daemon.
         Starting Wait until snapd is fully seeded...

Ubuntu 16.04.7 LTS ubuntu-xenial ttyS0

ubuntu-xenial login: [   64.221839] cloud-init[1432]: Generating locales (this might take a while)...
[   66.920506] cloud-init[1432]:   en_US.UTF-8... done
[   66.923269] cloud-init[1432]: Generation complete.
[   71.187945] cloud-init[1432]: Cloud-init v. 20.3-2-g371b392c-0ubuntu1~16.04.1 running 'modules:config' at Thu, 22 Oct 2020 12:04:36 +0000. Up 63.61 seconds.
ci-info: no authorized SSH keys fingerprints found for user ubuntu.
<14>Oct 22 12:04:45 ec2: 
<14>Oct 22 12:04:45 ec2: #############################################################
<14>Oct 22 12:04:45 ec2: -----BEGIN SSH HOST KEY FINGERPRINTS-----
<14>Oct 22 12:04:45 ec2: 1024 SHA256:M8uW01OcIr/qqVU4nJG0V1LqtVXXSjQXM5OhSNen4Uc root@ubuntu-xenial (DSA)
<14>Oct 22 12:04:45 ec2: 256 SHA256:Ep0N77J1RqLBtnD6VM2DemXIW3Hetu1jrF/IHYkTaa4 root@ubuntu-xenial (ECDSA)
<14>Oct 22 12:04:45 ec2: 256 SHA256:EcJ1OAV4aWMuMhVyHgfD2UzWKCATFmuSHuJLccuiwQA root@ubuntu-xenial (ED25519)
<14>Oct 22 12:04:45 ec2: 2048 SHA256:E/eEK+iSkQUk3x1grABTfPosLAGadVunVcN6NkNMpXo root@ubuntu-xenial (RSA)
<14>Oct 22 12:04:45 ec2: -----END SSH HOST KEY FINGERPRINTS-----
<14>Oct 22 12:04:45 ec2: #############################################################
-----BEGIN SSH HOST KEY KEYS-----
ecdsa-sha2-nistp256 AAAAE2VjZHNhLXNoYTItbmlzdHAyNTYAAAAIbmlzdHAyNTYAAABBBFoGyFPFV2aTVoREve5ZRCTO90SSZy1Bc5Aa5u0ufg1R5zO8fKC2uF7aj6GbSkoNdlh6AmnLFIAi8PI3jpy1lt0= root@ubuntu-xenial
ssh-ed25519 AAAAC3NzaC1lZDI1NTE5AAAAIAtY5UCidfiLSdC6px5TYL3FJrfrrdFShS7xCJgMWLiW root@ubuntu-xenial
ssh-rsa AAAAB3NzaC1yc2EAAAADAQABAAABAQDOvSZtWMZ/CPo2nFDo70ucX6ZhQxJGP3Mh0dpuwDnQUOdTikjUFUjeNBrnnsHZrCuKzEg5GDibkTOz16BztpKCCG4uWJ6wdh3HjhSpqFQqpLjLIuXlfQ9cNy4Xaw7tkT9G85c+1EssSL/VLZPOIMRVljvUp9+Wg/qN300q+rZ9xbxwk7gPpGUdJEP7E0Fd1kIyoF6G4RvVCE+yyFl4lqduWjXuquq8OWyaSTc5NbKeE82WUvtUV3BDmABp2QgRrtJJ6QvhZIN7A1dU9Mn4HGv62pu8x/1RAHY14EdF9/VeON5mPGxkEbdVLgaMrbhe6GTBOirPUejePIuCfkd25UZJ root@ubuntu-xenial
-----END SSH HOST KEY KEYS-----
[   73.191850] cloud-init[1804]: Cloud-init v. 20.3-2-g371b392c-0ubuntu1~16.04.1 running 'modules:final' at Thu, 22 Oct 2020 12:04:45 +0000. Up 72.46 seconds.
[   73.193805] cloud-init[1804]: ci-info: no authorized SSH keys fingerprints found for user ubuntu.
[   73.194527] cloud-init[1804]: Cloud-init v. 20.3-2-g371b392c-0ubuntu1~16.04.1 finished at Thu, 22 Oct 2020 12:04:45 +0000. Datasource DataSourceNoCloud [seed=/dev/sdb][dsmode=net].  Up 73.15 seconds
[[0;32m  OK  [0m] Stopped target Timers.
[[0;32m  OK  [0m] Stopped Daily Cleanup of Temporary Directories.
         Unmounting /vagrant...         Stopping LXD - container startup/shutdown...
         Stopping System Logging Service...
         Stopping Regular background program processing daemon...
         Stopping LSB: Record successful boot for GRUB...
         Stopping Deferred execution scheduler...
         Stopping LSB: automatic crash report generation...
         Stopping Virtualbox guest utils...
         Stopping LSB: MD monitoring daemon...
         Stopping D-Bus System Message Bus...
         Stopping LSB: Set the CPU Frequency Scaling governor to "ondemand"...
[[0;32m  OK  [0m] Stopped Apply the settings specified in cloud-config.
[[0;32m  OK  [0m] Stopped Wait until snapd is fully seeded.
[[0;32m  OK  [0m] Stopped target Cloud-config availability.
[[0;32m  OK  [0m] Unmounted /var/lib/lxcfs.
[[0;32m  OK  [0m] Stopped Regular background program processing daemon.
[[0;32m  OK  [0m] Stopped Deferred execution scheduler.
[[0;32m  OK  [0m] Stopped ACPI event daemon.
[[0;32m  OK  [0m] Stopped System Logging Service.
[[0;32m  OK  [0m] Stopped Accounts Service.
[[0;32m  OK  [0m] Stopped Getty on tty1.
[[0;32m  OK  [0m] Stopped Serial Getty on ttyS0.
[[0;32m  OK  [0m] Stopped Authenticate and Authorize Users to Run Privileged Tasks.
[[0;32m  OK  [0m] Stopped OpenBSD Secure Shell server.
[[0;32m  OK  [0m] Stopped User Manager for UID 1000.
[[0;32m  OK  [0m] Stopped Session 3 of user vagrant.
[[0;32m  OK  [0m] Unmounted /vagrant.
[[0;32m  OK  [0m] Unmounted /vagrant_scripts.
[[0;32m  OK  [0m] Unmounted /vagrant_target.
[[0;32m  OK  [0m] Stopped Session 5 of user vagrant.
[[0;32m  OK  [0m] Stopped D-Bus System Message Bus.
[[0;32m  OK  [0m] Stopped FUSE filesystem for LXC.
[[0;32m  OK  [0m] Removed slice User Slice of vagrant.
         Stopping Login Service...
[[0;32m  OK  [0m] Removed slice system-serial\x2dgetty.slice.
[[0;32m  OK  [0m] Stopped /etc/rc.local Compatibility.
         Stopping Permit User Sessions...
[[0;32m  OK  [0m] Removed slice system-getty.slice.
[[0;32m  OK  [0m] Stopped LSB: daemon to balance interrupts for SMP systems.
[[0;32m  OK  [0m] Stopped LSB: Record successful boot for GRUB.
[[0;32m  OK  [0m] Stopped Login Service.
[[0;32m  OK  [0m] Stopped LSB: automatic crash report generation.
[[0;32m  OK  [0m] Stopped Virtualbox guest utils.
[[0;32m  OK  [0m] Stopped LSB: Set the CPU Frequency Scaling governor to "ondemand".
[[0;32m  OK  [0m] Stopped Permit User Sessions.
[[0;32m  OK  [0m] Stopped target User and Group Name Lookups.
[[0;32m  OK  [0m] Stopped target Remote File Systems.
[[0;32m  OK  [0m] Stopped target Remote File Systems (Pre).
         Stopping Login to default iSCSI targets...
[[0;32m  OK  [0m] Stopped LXD - container startup/shutdown.
[[0;32m  OK  [0m] Stopped LSB: MD monitoring daemon.
[[0;32m  OK  [0m] Stopped Login to default iSCSI targets.
         Stopping iSCSI initiator daemon (iscsid)...
[[0;32m  OK  [0m] Stopped iSCSI initiator daemon (iscsid).
[[0;32m  OK  [0m] Stopped target Network is Online.
[[0;32m  OK  [0m] Stopped MySQL Community Server.
[[0;32m  OK  [0m] Stopped target Network.
[[0;32m  OK  [0m] Stopped target Basic System.
[[0;32m  OK  [0m] Stopped target Slices.
[[0;32m  OK  [0m] Removed slice User and Session Slice.
[[0;32m  OK  [0m] Stopped target Paths.
[[0;32m  OK  [0m] Stopped Dispatch Password Requests to Console Directory Watch.
[[0;32m  OK  [0m] Stopped ACPI Events Check.
[[0;32m  OK  [0m] Stopped Forward Password Requests to Wall Directory Watch.
[[0;32m  OK  [0m] Stopped target Sockets.
[[0;32m  OK  [0m] Closed D-Bus System Message Bus Socket.
[[0;32m  OK  [0m] Closed LXD - unix socket.
[[0;32m  OK  [0m] Closed Syslog Socket.
[[0;32m  OK  [0m] Closed Socket activation for snappy daemon.
[[0;32m  OK  [0m] Closed UUID daemon activation socket.
[[0;32m  OK  [0m] Closed ACPID Listen Socket.
[[0;32m  OK  [0m] Stopped target System Initialization.
         Stopping Load/Save Random Seed...
         Stopping Update UTMP about System Boot/Shutdown...
[[0;32m  OK  [0m] Stopped Commit a transient machine-id on disk.
[[0;32m  OK  [0m] Stopped target Encrypted Volumes.
[[0;32m  OK  [0m] Stopped target Swap.
[[0;32m  OK  [0m] Stopped Initial cloud-init job (metadata service crawler).
         Stopping Raise network interfaces...
[[0;32m  OK  [0m] Stopped Load/Save Random Seed.
[[0;32m  OK  [0m] Stopped Update UTMP about System Boot/Shutdown.
[[0;32m  OK  [0m] Stopped Create Volatile Files and Directories.
[[0;32m  OK  [0m] Stopped Raise network interfaces.
[[0;32m  OK  [0m] Stopped target Local File Systems.
         Unmounting /run/user/1000...
[[0;32m  OK  [0m] Stopped target Network (Pre).
[[0;32m  OK  [0m] Stopped Initial cloud-init job (pre-networking).
[[0;32m  OK  [0m] Stopped Apply Kernel Variables.
[[0;32m  OK  [0m] Stopped Load Kernel Modules.
[[0;32m  OK  [0m] Unmounted /run/user/1000.
[[0;32m  OK  [0m] Reached target Unmount All Filesystems.
[[0;32m  OK  [0m] Stopped target Local File Systems (Pre).
[[0;32m  OK  [0m] Stopped Create Static Device Nodes in /dev.
[[0;32m  OK  [0m] Stopped Remount Root and Kernel File Systems.
[[0;32m  OK  [0m] Reached target Shutdown.
[ 1343.702248] reboot: Power down
